<?xml version="1.0" encoding="UTF-8"?>
<testsuites name="jest tests" tests="220" failures="15" errors="0" time="103.974">
  <testsuite name="Env Vars Tests" errors="0" failures="0" skipped="0" timestamp="2025-10-07T19:40:51" time="19.154" tests="3">
    <testcase classname="Env Vars Tests should reset environment variables correctly" name="Env Vars Tests should reset environment variables correctly" time="3.368">
    </testcase>
    <testcase classname="Env Vars Tests should reflect API key changes in headers" name="Env Vars Tests should reflect API key changes in headers" time="0.013">
    </testcase>
    <testcase classname="Env Vars Tests should reflect BAML_LOG changes in log level" name="Env Vars Tests should reflect BAML_LOG changes in log level" time="0.003">
    </testcase>
  </testsuite>
  <testsuite name="Abort Handlers - Manual Testing" errors="0" failures="0" skipped="0" timestamp="2025-10-07T19:40:51" time="20.077" tests="6">
    <testcase classname="Abort Handlers - Manual Testing cancels a long-running retry operation mid-execution" name="Abort Handlers - Manual Testing cancels a long-running retry operation mid-execution" time="0.267">
    </testcase>
    <testcase classname="Abort Handlers - Manual Testing handles rapid successive cancellations" name="Abort Handlers - Manual Testing handles rapid successive cancellations" time="0.034">
    </testcase>
    <testcase classname="Abort Handlers - Manual Testing cancels streaming operation and verifies no further events" name="Abort Handlers - Manual Testing cancels streaming operation and verifies no further events" time="0.21">
    </testcase>
    <testcase classname="Abort Handlers - Manual Testing verifies no retries occur after cancellation" name="Abort Handlers - Manual Testing verifies no retries occur after cancellation" time="0.17">
    </testcase>
    <testcase classname="Abort Handlers - Manual Testing tests with real provider (if available)" name="Abort Handlers - Manual Testing tests with real provider (if available)" time="0.018">
    </testcase>
    <testcase classname="Abort Handlers - Manual Testing memory cleanup - multiple aborted operations" name="Abort Handlers - Manual Testing memory cleanup - multiple aborted operations" time="0.222">
    </testcase>
  </testsuite>
  <testsuite name="OpenAI Provider" errors="0" failures="2" skipped="0" timestamp="2025-10-07T19:41:12" time="0.779" tests="5">
    <testcase classname="OpenAI Provider should support openai-responses basic" name="OpenAI Provider should support openai-responses basic" time="0.003">
    </testcase>
    <testcase classname="OpenAI Provider should support openai-responses explicit" name="OpenAI Provider should support openai-responses explicit" time="0.004">
      <failure>Error: expect(received).toMatchObject(expected)

- Expected  - 1
+ Received  + 1

@@ -8,7 +8,7 @@
          },
        ],
        &quot;role&quot;: &quot;user&quot;,
      },
    ],
-   &quot;model&quot;: &quot;gpt-4.1&quot;,
+   &quot;model&quot;: &quot;gpt-5-mini&quot;,
  }
    at Object.&lt;anonymous&gt; (/Users/aaronvillalpando/Projects/baml/integ-tests/typescript/tests/providers/openai-responses.test.ts:24:29)</failure>
    </testcase>
    <testcase classname="OpenAI Provider should support openai-responses custom url" name="OpenAI Provider should support openai-responses custom url" time="0.003">
      <failure>Error: expect(received).toMatchObject(expected)

- Expected  - 1
+ Received  + 1

@@ -8,7 +8,7 @@
          },
        ],
        &quot;role&quot;: &quot;user&quot;,
      },
    ],
-   &quot;model&quot;: &quot;gpt-4.1&quot;,
+   &quot;model&quot;: &quot;gpt-5-mini&quot;,
  }
    at Object.&lt;anonymous&gt; (/Users/aaronvillalpando/Projects/baml/integ-tests/typescript/tests/providers/openai-responses.test.ts:42:29)</failure>
    </testcase>
    <testcase classname="OpenAI Provider should support openai-responses conversation" name="OpenAI Provider should support openai-responses conversation" time="0.002">
    </testcase>
    <testcase classname="OpenAI Provider should support openai-responses different model" name="OpenAI Provider should support openai-responses different model" time="0.002">
    </testcase>
  </testsuite>
  <testsuite name="Experimental OnTick" errors="0" failures="0" skipped="0" timestamp="2025-10-07T19:40:51" time="21.155" tests="5">
    <testcase classname="Experimental OnTick should fire onTick callbacks for async non-streaming function" name="Experimental OnTick should fire onTick callbacks for async non-streaming function" time="1.532">
    </testcase>
    <testcase classname="Experimental OnTick should fire onTick callbacks for streaming function" name="Experimental OnTick should fire onTick callbacks for streaming function" time="1.03">
    </testcase>
    <testcase classname="Experimental OnTick should throw error for sync functions with onTick" name="Experimental OnTick should throw error for sync functions with onTick" time="0.41">
    </testcase>
    <testcase classname="Experimental OnTick should handle onTick callback errors" name="Experimental OnTick should handle onTick callback errors" time="0.937">
    </testcase>
    <testcase classname="Experimental OnTick should not significantly impact performance" name="Experimental OnTick should not significantly impact performance" time="1.628">
    </testcase>
  </testsuite>
  <testsuite name="Tracing Tests" errors="0" failures="0" skipped="0" timestamp="2025-10-07T19:40:51" time="21.478" tests="3">
    <testcase classname="Tracing Tests Sync Tracing supports tracing sync" name="Tracing Tests Sync Tracing supports tracing sync" time="0.03">
    </testcase>
    <testcase classname="Tracing Tests Async Tracing supports tracing async" name="Tracing Tests Async Tracing supports tracing async" time="3.558">
    </testcase>
    <testcase classname="Tracing Tests Events should work with &apos;onLogEvent&apos;" name="Tracing Tests Events should work with &apos;onLogEvent&apos;" time="1.982">
    </testcase>
  </testsuite>
  <testsuite name="With Options Tests" errors="0" failures="0" skipped="0" timestamp="2025-10-07T19:41:11" time="9.374" tests="3">
    <testcase classname="With Options Tests should test with options logger async call" name="With Options Tests should test with options logger async call" time="2.991">
    </testcase>
    <testcase classname="With Options Tests should test with options logger sync" name="With Options Tests should test with options logger sync" time="0.974">
    </testcase>
    <testcase classname="With Options Tests should test with options logger async stream" name="With Options Tests should test with options logger async stream" time="4.313">
    </testcase>
  </testsuite>
  <testsuite name="Memory usage tests" errors="0" failures="0" skipped="0" timestamp="2025-10-07T19:40:51" time="29.641" tests="1">
    <testcase classname="Memory usage tests memory usage stays within limits" name="Memory usage tests memory usage stays within limits" time="13.38">
    </testcase>
  </testsuite>
  <testsuite name="Constraint Tests" errors="0" failures="0" skipped="0" timestamp="2025-10-07T19:41:13" time="9.779" tests="4">
    <testcase classname="Constraint Tests should handle checks in return types" name="Constraint Tests should handle checks in return types" time="2.933">
    </testcase>
    <testcase classname="Constraint Tests should handle checks in returned unions" name="Constraint Tests should handle checks in returned unions" time="2.019">
    </testcase>
    <testcase classname="Constraint Tests should handle block-level checks" name="Constraint Tests should handle block-level checks" time="2.186">
    </testcase>
    <testcase classname="Constraint Tests should handle nested-block-level checks" name="Constraint Tests should handle nested-block-level checks" time="1.673">
    </testcase>
  </testsuite>
  <testsuite name="Dynamic Type Tests" errors="0" failures="0" skipped="0" timestamp="2025-10-07T19:40:51" time="34.239" tests="21">
    <testcase classname="Dynamic Type Tests Import Tests should import TypeBuilder and FieldType from type_builder module" name="Dynamic Type Tests Import Tests should import TypeBuilder and FieldType from type_builder module" time="0.005">
    </testcase>
    <testcase classname="Dynamic Type Tests Basic Dynamic Types should work with dynamic types single" name="Dynamic Type Tests Basic Dynamic Types should work with dynamic types single" time="2.531">
    </testcase>
    <testcase classname="Dynamic Type Tests Basic Dynamic Types should work with dynamic types enum" name="Dynamic Type Tests Basic Dynamic Types should work with dynamic types enum" time="0.992">
    </testcase>
    <testcase classname="Dynamic Type Tests Basic Dynamic Types should work with dynamic types class" name="Dynamic Type Tests Basic Dynamic Types should work with dynamic types class" time="1.16">
    </testcase>
    <testcase classname="Dynamic Type Tests Basic Dynamic Types should work with dynamic literals" name="Dynamic Type Tests Basic Dynamic Types should work with dynamic literals" time="0.774">
    </testcase>
    <testcase classname="Dynamic Type Tests Basic Dynamic Types should work with dynamic inputs class" name="Dynamic Type Tests Basic Dynamic Types should work with dynamic inputs class" time="1.183">
    </testcase>
    <testcase classname="Dynamic Type Tests Complex Dynamic Types should work with dynamic inputs list" name="Dynamic Type Tests Complex Dynamic Types should work with dynamic inputs list" time="1.44">
    </testcase>
    <testcase classname="Dynamic Type Tests Complex Dynamic Types should work with dynamic output map" name="Dynamic Type Tests Complex Dynamic Types should work with dynamic output map" time="1.947">
    </testcase>
    <testcase classname="Dynamic Type Tests Complex Dynamic Types should work with dynamic output union" name="Dynamic Type Tests Complex Dynamic Types should work with dynamic output union" time="2.259">
    </testcase>
    <testcase classname="Dynamic Type Tests Add Baml should add to existing class" name="Dynamic Type Tests Add Baml should add to existing class" time="1.332">
    </testcase>
    <testcase classname="Dynamic Type Tests Add Baml should add to existing enum" name="Dynamic Type Tests Add Baml should add to existing enum" time="0.688">
    </testcase>
    <testcase classname="Dynamic Type Tests Add Baml should add both class and enum" name="Dynamic Type Tests Add Baml should add both class and enum" time="1.175">
    </testcase>
    <testcase classname="Dynamic Type Tests Add Baml should add baml with attrs" name="Dynamic Type Tests Add Baml should add baml with attrs" time="2.509">
    </testcase>
    <testcase classname="Dynamic Type Tests TypeBuilder APIs should list properties" name="Dynamic Type Tests TypeBuilder APIs should list properties" time="0.001">
    </testcase>
    <testcase classname="Dynamic Type Tests TypeBuilder APIs should reset" name="Dynamic Type Tests TypeBuilder APIs should reset" time="0.003">
    </testcase>
    <testcase classname="Dynamic Type Tests TypeBuilder APIs should reset a class" name="Dynamic Type Tests TypeBuilder APIs should reset a class" time="0.001">
    </testcase>
    <testcase classname="Dynamic Type Tests TypeBuilder APIs should remove a property from a class" name="Dynamic Type Tests TypeBuilder APIs should remove a property from a class" time="0.001">
    </testcase>
    <testcase classname="Dynamic Type Tests TypeBuilder APIs should reset a dynamically added class" name="Dynamic Type Tests TypeBuilder APIs should reset a dynamically added class" time="0.002">
    </testcase>
    <testcase classname="Dynamic Type Tests TypeBuilder APIs should remove a property from a dynamically added class" name="Dynamic Type Tests TypeBuilder APIs should remove a property from a dynamically added class" time="0.001">
    </testcase>
    <testcase classname="Dynamic Type Tests TypeBuilder APIs should get property types from a class" name="Dynamic Type Tests TypeBuilder APIs should get property types from a class" time="0">
    </testcase>
    <testcase classname="Dynamic Type Tests TypeBuilder APIs should set property types" name="Dynamic Type Tests TypeBuilder APIs should set property types" time="0.001">
    </testcase>
  </testsuite>
  <testsuite name="Type aliases tests" errors="0" failures="0" skipped="0" timestamp="2025-10-07T19:41:12" time="15.936" tests="12">
    <testcase classname="Type aliases tests primitive union alias" name="Type aliases tests primitive union alias" time="0.926">
    </testcase>
    <testcase classname="Type aliases tests map alias" name="Type aliases tests map alias" time="0.625">
    </testcase>
    <testcase classname="Type aliases tests alias union" name="Type aliases tests alias union" time="1.634">
    </testcase>
    <testcase classname="Type aliases tests alias pointing to recursive class" name="Type aliases tests alias pointing to recursive class" time="0.753">
    </testcase>
    <testcase classname="Type aliases tests class pointing to alias that points to recursive class" name="Type aliases tests class pointing to alias that points to recursive class" time="0.937">
    </testcase>
    <testcase classname="Type aliases tests recursive class with alias indirection" name="Type aliases tests recursive class with alias indirection" time="0.907">
    </testcase>
    <testcase classname="Type aliases tests merge alias attributes" name="Type aliases tests merge alias attributes" time="0.779">
    </testcase>
    <testcase classname="Type aliases tests simple recursive map alias" name="Type aliases tests simple recursive map alias" time="1.202">
    </testcase>
    <testcase classname="Type aliases tests simple recursive list alias" name="Type aliases tests simple recursive list alias" time="0.842">
    </testcase>
    <testcase classname="Type aliases tests recursive alias cycles" name="Type aliases tests recursive alias cycles" time="0.888">
    </testcase>
    <testcase classname="Type aliases tests json type alias cycle" name="Type aliases tests json type alias cycle" time="2.884">
    </testcase>
    <testcase classname="Type aliases tests json type alias as class dependency" name="Type aliases tests json type alias as class dependency" time="2.52">
    </testcase>
  </testsuite>
  <testsuite name="Logger tests" errors="0" failures="0" skipped="0" timestamp="2025-10-07T19:41:23" time="8.557" tests="1">
    <testcase classname="Logger tests logger works as expected" name="Logger tests logger works as expected" time="7.503">
    </testcase>
  </testsuite>
  <testsuite name="Recursive Type Tests" errors="0" failures="0" skipped="0" timestamp="2025-10-07T19:41:20" time="11.501" tests="2">
    <testcase classname="Recursive Type Tests simple recursive type" name="Recursive Type Tests simple recursive type" time="2.559">
    </testcase>
    <testcase classname="Recursive Type Tests mutually recursive type" name="Recursive Type Tests mutually recursive type" time="7.969">
    </testcase>
  </testsuite>
  <testsuite name="Anthropic Provider" errors="0" failures="0" skipped="0" timestamp="2025-10-07T19:41:28" time="3.986" tests="3">
    <testcase classname="Anthropic Provider should support anthropic shorthand" name="Anthropic Provider should support anthropic shorthand" time="0.763">
    </testcase>
    <testcase classname="Anthropic Provider Streaming should support anthropic shorthand streaming" name="Anthropic Provider Streaming should support anthropic shorthand streaming" time="0.655">
    </testcase>
    <testcase classname="Anthropic Provider Streaming should support streaming in Claude" name="Anthropic Provider Streaming should support streaming in Claude" time="1.329">
    </testcase>
  </testsuite>
  <testsuite name="Vertex Provider" errors="0" failures="0" skipped="0" timestamp="2025-10-07T19:41:26" time="8.187" tests="3">
    <testcase classname="Vertex Provider should support vertex" name="Vertex Provider should support vertex" time="2.04">
    </testcase>
    <testcase classname="Vertex Provider should support vertex with system_instructions" name="Vertex Provider should support vertex with system_instructions" time="2.756">
    </testcase>
    <testcase classname="Vertex Provider should support vertex api key in query params" name="Vertex Provider should support vertex api key in query params" time="2.347">
    </testcase>
  </testsuite>
  <testsuite name="Azure Provider" errors="0" failures="0" skipped="0" timestamp="2025-10-07T19:41:21" time="12.947" tests="7">
    <testcase classname="Azure Provider should support azure with default max_tokens" name="Azure Provider should support azure with default max_tokens" time="4.126">
    </testcase>
    <testcase classname="Azure Provider should support o1 model without max_tokens" name="Azure Provider should support o1 model without max_tokens" time="2.41">
    </testcase>
    <testcase classname="Azure Provider should fail when setting max_tokens for o1 model" name="Azure Provider should fail when setting max_tokens for o1 model" time="0.406">
    </testcase>
    <testcase classname="Azure Provider should support non-o1 model with explicit max_tokens" name="Azure Provider should support non-o1 model with explicit max_tokens" time="0.511">
    </testcase>
    <testcase classname="Azure Provider should support o1 model with explicit max_completion_tokens" name="Azure Provider should support o1 model with explicit max_completion_tokens" time="1.58">
    </testcase>
    <testcase classname="Azure Provider should fail if azure is not configured correctly" name="Azure Provider should fail if azure is not configured correctly" time="2.435">
    </testcase>
    <testcase classname="Azure Provider should support azure streaming" name="Azure Provider should support azure streaming" time="0.511">
    </testcase>
  </testsuite>
  <testsuite name="Abort Handlers" errors="0" failures="0" skipped="0" timestamp="2025-10-07T19:41:31" time="4.696" tests="6">
    <testcase classname="Abort Handlers manual cancellation" name="Abort Handlers manual cancellation" time="0.257">
    </testcase>
    <testcase classname="Abort Handlers streaming cancellation" name="Abort Handlers streaming cancellation" time="1.016">
    </testcase>
    <testcase classname="Abort Handlers timeout using AbortSignal.timeout" name="Abort Handlers timeout using AbortSignal.timeout" time="0.203">
    </testcase>
    <testcase classname="Abort Handlers manual timeout simulation" name="Abort Handlers manual timeout simulation" time="0.203">
    </testcase>
    <testcase classname="Abort Handlers early abort check" name="Abort Handlers early abort check" time="0.002">
    </testcase>
    <testcase classname="Abort Handlers normal operation without abort" name="Abort Handlers normal operation without abort" time="1.971">
    </testcase>
  </testsuite>
  <testsuite name="AWS Provider" errors="0" failures="5" skipped="0" timestamp="2025-10-07T19:40:51" time="45.5" tests="19">
    <testcase classname="AWS Provider should support AWS - basic" name="AWS Provider should support AWS - basic" time="5.449">
      <failure>BamlClientHttpError: BamlError: BamlClientError: BamlClientHttpError: ServiceError(
    ServiceError {
        source: AccessDeniedException(
            AccessDeniedException {
                message: Some(
                    &quot;User: arn:aws:sts::147997132427:assumed-role/AWSReservedSSO_AdministratorAccess_b2891e5925fe25fd/aaron is not authorized to perform: bedrock:InvokeModel on resource: arn:aws:bedrock:us-east-1:404337120808:inference-profile/us.anthropic.claude-3-7-sonnet-20250219-v1:0 because no resource-based policy allows the bedrock:InvokeModel action&quot;,
                ),
                meta: ErrorMetadata {
                    code: Some(
                        &quot;AccessDeniedException&quot;,
                    ),
                    message: Some(
                        &quot;User: arn:aws:sts::147997132427:assumed-role/AWSReservedSSO_AdministratorAccess_b2891e5925fe25fd/aaron is not authorized to perform: bedrock:InvokeModel on resource: arn:aws:bedrock:us-east-1:404337120808:inference-profile/us.anthropic.claude-3-7-sonnet-20250219-v1:0 because no resource-based policy allows the bedrock:InvokeModel action&quot;,
                    ),
                    extras: Some(
                        {
                            &quot;aws_request_id&quot;: &quot;be650c58-1969-4595-bfbd-7620d6862d6b&quot;,
                        },
                    ),
                },
            },
        ),
        raw: Response {
            status: StatusCode(
                403,
            ),
            headers: Headers {
                headers: {
                    &quot;date&quot;: HeaderValue {
                        _private: H1(
                            &quot;Tue, 07 Oct 2025 19:41:13 GMT&quot;,
                        ),
                    },
                    &quot;content-type&quot;: HeaderValue {
                        _private: H1(
                            &quot;application/json&quot;,
                        ),
                    },
                    &quot;content-length&quot;: HeaderValue {
                        _private: H1(
                            &quot;352&quot;,
                        ),
                    },
                    &quot;x-amzn-requestid&quot;: HeaderValue {
                        _private: H1(
                            &quot;be650c58-1969-4595-bfbd-7620d6862d6b&quot;,
                        ),
                    },
                    &quot;x-amzn-errortype&quot;: HeaderValue {
                        _private: H1(
                            &quot;AccessDeniedException:http://internal.amazon.com/coral/com.amazon.coral.service/&quot;,
                        ),
                    },
                },
            },
            body: SdkBody {
                inner: Once(
                    Some(
                        b&quot;{\&quot;Message\&quot;:\&quot;User: arn:aws:sts::147997132427:assumed-role/AWSReservedSSO_AdministratorAccess_b2891e5925fe25fd/aaron is not authorized to perform: bedrock:InvokeModel on resource: arn:aws:bedrock:us-east-1:404337120808:inference-profile/us.anthropic.claude-3-7-sonnet-20250219-v1:0 because no resource-based policy allows the bedrock:InvokeModel action\&quot;}&quot;,
                    ),
                ),
                retryable: true,
            },
            extensions: Extensions {
                extensions_02x: Extensions,
                extensions_1x: Extensions,
            },
        },
    },
)
    at Function.from (/Users/aaronvillalpando/Projects/baml/engine/language_client_typescript/errors.js:110:28)
    at createBamlErrorUnsafe (/Users/aaronvillalpando/Projects/baml/engine/language_client_typescript/errors.js:168:53)
    at toBamlError (/Users/aaronvillalpando/Projects/baml/engine/language_client_typescript/errors.js:206:16)
    at BamlAsyncClient.TestAws (/Users/aaronvillalpando/Projects/baml/integ-tests/typescript/baml_client/async_client.ts:6297:30)
    at Object.&lt;anonymous&gt; (/Users/aaronvillalpando/Projects/baml/integ-tests/typescript/tests/providers/aws.test.ts:7:17)</failure>
    </testcase>
    <testcase classname="AWS Provider should handle invalid AWS region gracefully" name="AWS Provider should handle invalid AWS region gracefully" time="2.118">
    </testcase>
    <testcase classname="AWS Provider should allow overriding the region" name="AWS Provider should allow overriding the region" time="3.727">
    </testcase>
    <testcase classname="AWS Provider should handle invalid AWS profile gracefully" name="AWS Provider should handle invalid AWS profile gracefully" time="0.013">
      <failure>Error: expect(received).rejects.toMatchObject(expected)

- Expected  -  3
+ Received  + 15

- Object {
-   &quot;code&quot;: &quot;GenericFailure&quot;,
- }
+ [BamlClientHttpError: BamlError: BamlClientError: BamlClientHttpError: DispatchFailure(
+     DispatchFailure {
+         source: ConnectorError {
+             kind: Other(
+                 None,
+             ),
+             source: InvalidConfiguration(
+                 InvalidConfiguration {
+                     source: &quot;ProfileFile provider could not be built: profile `boundaryml-dev-invalid` was not defined: could not find source profile boundaryml-dev-invalid referenced from the root profile&quot;,
+                 },
+             ),
+             connection: Unknown,
+         },
+     },
+ )]
    at Object.toMatchObject (/Users/aaronvillalpando/Projects/baml/node_modules/.pnpm/expect@29.7.0/node_modules/expect/build/index.js:218:22)
    at Object.&lt;anonymous&gt; (/Users/aaronvillalpando/Projects/baml/integ-tests/typescript/tests/providers/aws.test.ts:30:36)
    at Promise.then.completed (/Users/aaronvillalpando/Projects/baml/node_modules/.pnpm/jest-circus@29.7.0/node_modules/jest-circus/build/utils.js:298:28)
    at new Promise (&lt;anonymous&gt;)
    at callAsyncCircusFn (/Users/aaronvillalpando/Projects/baml/node_modules/.pnpm/jest-circus@29.7.0/node_modules/jest-circus/build/utils.js:231:10)
    at _callCircusTest (/Users/aaronvillalpando/Projects/baml/node_modules/.pnpm/jest-circus@29.7.0/node_modules/jest-circus/build/run.js:316:40)
    at _runTest (/Users/aaronvillalpando/Projects/baml/node_modules/.pnpm/jest-circus@29.7.0/node_modules/jest-circus/build/run.js:252:3)
    at _runTestsForDescribeBlock (/Users/aaronvillalpando/Projects/baml/node_modules/.pnpm/jest-circus@29.7.0/node_modules/jest-circus/build/run.js:126:9)
    at _runTestsForDescribeBlock (/Users/aaronvillalpando/Projects/baml/node_modules/.pnpm/jest-circus@29.7.0/node_modules/jest-circus/build/run.js:121:9)
    at run (/Users/aaronvillalpando/Projects/baml/node_modules/.pnpm/jest-circus@29.7.0/node_modules/jest-circus/build/run.js:71:3)
    at runAndTransformResultsToJestFormat (/Users/aaronvillalpando/Projects/baml/node_modules/.pnpm/jest-circus@29.7.0/node_modules/jest-circus/build/legacy-code-todo-rewrite/jestAdapterInit.js:122:21)
    at jestAdapter (/Users/aaronvillalpando/Projects/baml/node_modules/.pnpm/jest-circus@29.7.0/node_modules/jest-circus/build/legacy-code-todo-rewrite/jestAdapter.js:79:19)
    at runTestInternal (/Users/aaronvillalpando/Projects/baml/node_modules/.pnpm/jest-runner@29.7.0/node_modules/jest-runner/build/runTest.js:367:16)
    at runTest (/Users/aaronvillalpando/Projects/baml/node_modules/.pnpm/jest-runner@29.7.0/node_modules/jest-runner/build/runTest.js:444:34)
    at Object.worker (/Users/aaronvillalpando/Projects/baml/node_modules/.pnpm/jest-runner@29.7.0/node_modules/jest-runner/build/testWorker.js:106:12)</failure>
    </testcase>
    <testcase classname="AWS Provider should handle invalid AWS access key gracefully" name="AWS Provider should handle invalid AWS access key gracefully" time="0.347">
    </testcase>
    <testcase classname="AWS Provider Streaming should support streaming in AWS" name="AWS Provider Streaming should support streaming in AWS" time="1.317">
      <failure>Error: {&quot;type&quot;:&quot;BamlClientHttpError&quot;,&quot;client_name&quot;:&quot;AwsBedrock&quot;,&quot;message&quot;:&quot;BamlError: BamlClientError: BamlClientHttpError: ServiceError(\n    ServiceError {\n        source: AccessDeniedException(\n            AccessDeniedException {\n                message: Some(\n                    \&quot;User: arn:aws:sts::147997132427:assumed-role/AWSReservedSSO_AdministratorAccess_b2891e5925fe25fd/aaron is not authorized to perform: bedrock:InvokeModelWithResponseStream on resource: arn:aws:bedrock:us-east-1:404337120808:inference-profile/us.anthropic.claude-3-7-sonnet-20250219-v1:0 because no resource-based policy allows the bedrock:InvokeModelWithResponseStream action\&quot;,\n                ),\n                meta: ErrorMetadata {\n                    code: Some(\n                        \&quot;AccessDeniedException\&quot;,\n                    ),\n                    message: Some(\n                        \&quot;User: arn:aws:sts::147997132427:assumed-role/AWSReservedSSO_AdministratorAccess_b2891e5925fe25fd/aaron is not authorized to perform: bedrock:InvokeModelWithResponseStream on resource: arn:aws:bedrock:us-east-1:404337120808:inference-profile/us.anthropic.claude-3-7-sonnet-20250219-v1:0 because no resource-based policy allows the bedrock:InvokeModelWithResponseStream action\&quot;,\n                    ),\n                    extras: Some(\n                        {\n                            \&quot;aws_request_id\&quot;: \&quot;fa463ed3-d792-4a72-bfc1-b5c8c590977c\&quot;,\n                        },\n                    ),\n                },\n            },\n        ),\n        raw: Response {\n            status: StatusCode(\n                403,\n            ),\n            headers: Headers {\n                headers: {\n                    \&quot;date\&quot;: HeaderValue {\n                        _private: H1(\n                            \&quot;Tue, 07 Oct 2025 19:41:21 GMT\&quot;,\n                        ),\n                    },\n                    \&quot;content-type\&quot;: HeaderValue {\n                        _private: H1(\n                            \&quot;application/json\&quot;,\n                        ),\n                    },\n                    \&quot;content-length\&quot;: HeaderValue {\n                        _private: H1(\n                            \&quot;388\&quot;,\n                        ),\n                    },\n                    \&quot;x-amzn-requestid\&quot;: HeaderValue {\n                        _private: H1(\n                            \&quot;fa463ed3-d792-4a72-bfc1-b5c8c590977c\&quot;,\n                        ),\n                    },\n                    \&quot;x-amzn-errortype\&quot;: HeaderValue {\n                        _private: H1(\n                            \&quot;AccessDeniedException:http://internal.amazon.com/coral/com.amazon.coral.service/\&quot;,\n                        ),\n                    },\n                },\n            },\n            body: SdkBody {\n                inner: Once(\n                    Some(\n                        b\&quot;{\\\&quot;Message\\\&quot;:\\\&quot;User: arn:aws:sts::147997132427:assumed-role/AWSReservedSSO_AdministratorAccess_b2891e5925fe25fd/aaron is not authorized to perform: bedrock:InvokeModelWithResponseStream on resource: arn:aws:bedrock:us-east-1:404337120808:inference-profile/us.anthropic.claude-3-7-sonnet-20250219-v1:0 because no resource-based policy allows the bedrock:InvokeModelWithResponseStream action\\\&quot;}\&quot;,\n                    ),\n                ),\n                retryable: true,\n            },\n            extensions: Extensions {\n                extensions_02x: Extensions,\n                extensions_1x: Extensions,\n            },\n        },\n    },\n)&quot;,&quot;status_code&quot;:403,&quot;detailed_message&quot;:&quot;LLM client \&quot;AwsBedrock\&quot; failed with status code: NotSupported (403)\nMessage: ServiceError(\n    ServiceError {\n        source: AccessDeniedException(\n            AccessDeniedException {\n                message: Some(\n                    \&quot;User: arn:aws:sts::147997132427:assumed-role/AWSReservedSSO_AdministratorAccess_b2891e5925fe25fd/aaron is not authorized to perform: bedrock:InvokeModelWithResponseStream on resource: arn:aws:bedrock:us-east-1:404337120808:inference-profile/us.anthropic.claude-3-7-sonnet-20250219-v1:0 because no resource-based policy allows the bedrock:InvokeModelWithResponseStream action\&quot;,\n                ),\n                meta: ErrorMetadata {\n                    code: Some(\n                        \&quot;AccessDeniedException\&quot;,\n                    ),\n                    message: Some(\n                        \&quot;User: arn:aws:sts::147997132427:assumed-role/AWSReservedSSO_AdministratorAccess_b2891e5925fe25fd/aaron is not authorized to perform: bedrock:InvokeModelWithResponseStream on resource: arn:aws:bedrock:us-east-1:404337120808:inference-profile/us.anthropic.claude-3-7-sonnet-20250219-v1:0 because no resource-based policy allows the bedrock:InvokeModelWithResponseStream action\&quot;,\n                    ),\n                    extras: Some(\n                        {\n                            \&quot;aws_request_id\&quot;: \&quot;fa463ed3-d792-4a72-bfc1-b5c8c590977c\&quot;,\n                        },\n                    ),\n                },\n            },\n        ),\n        raw: Response {\n            status: StatusCode(\n                403,\n            ),\n            headers: Headers {\n                headers: {\n                    \&quot;date\&quot;: HeaderValue {\n                        _private: H1(\n                            \&quot;Tue, 07 Oct 2025 19:41:21 GMT\&quot;,\n                        ),\n                    },\n                    \&quot;content-type\&quot;: HeaderValue {\n                        _private: H1(\n                            \&quot;application/json\&quot;,\n                        ),\n                    },\n                    \&quot;content-length\&quot;: HeaderValue {\n                        _private: H1(\n                            \&quot;388\&quot;,\n                        ),\n                    },\n                    \&quot;x-amzn-requestid\&quot;: HeaderValue {\n                        _private: H1(\n                            \&quot;fa463ed3-d792-4a72-bfc1-b5c8c590977c\&quot;,\n                        ),\n                    },\n                    \&quot;x-amzn-errortype\&quot;: HeaderValue {\n                        _private: H1(\n                            \&quot;AccessDeniedException:http://internal.amazon.com/coral/com.amazon.coral.service/\&quot;,\n                        ),\n                    },\n                },\n            },\n            body: SdkBody {\n                inner: Once(\n                    Some(\n                        b\&quot;{\\\&quot;Message\\\&quot;:\\\&quot;User: arn:aws:sts::147997132427:assumed-role/AWSReservedSSO_AdministratorAccess_b2891e5925fe25fd/aaron is not authorized to perform: bedrock:InvokeModelWithResponseStream on resource: arn:aws:bedrock:us-east-1:404337120808:inference-profile/us.anthropic.claude-3-7-sonnet-20250219-v1:0 because no resource-based policy allows the bedrock:InvokeModelWithResponseStream action\\\&quot;}\&quot;,\n                    ),\n                ),\n                retryable: true,\n            },\n            extensions: Extensions {\n                extensions_02x: Extensions,\n                extensions_1x: Extensions,\n            },\n        },\n    },\n)&quot;}
    at BamlStream.getFinalResponse (/Users/aaronvillalpando/Projects/baml/engine/language_client_typescript/stream.js:91:39)
    at Object.&lt;anonymous&gt; (/Users/aaronvillalpando/Projects/baml/integ-tests/typescript/tests/providers/aws.test.ts:67:21)</failure>
    </testcase>
    <testcase classname="AWS Provider Dynamic Client Registry Credential Resolution should handle session credentials correctly" name="AWS Provider Dynamic Client Registry Credential Resolution should handle session credentials correctly" time="0.404">
      <failure>InvalidClientTokenId: The security token included in the request is invalid.
    at throwDefaultError (/Users/aaronvillalpando/Projects/baml/node_modules/.pnpm/@smithy+smithy-client@3.7.0/node_modules/@smithy/smithy-client/dist-cjs/index.js:844:20)
    at /Users/aaronvillalpando/Projects/baml/node_modules/.pnpm/@smithy+smithy-client@3.7.0/node_modules/@smithy/smithy-client/dist-cjs/index.js:853:5
    at de_CommandError (/Users/aaronvillalpando/Projects/baml/node_modules/.pnpm/@aws-sdk+client-sts@3.721.0/node_modules/@aws-sdk/client-sts/dist-cjs/index.js:505:14)
    at processTicksAndRejections (node:internal/process/task_queues:95:5)
    at /Users/aaronvillalpando/Projects/baml/node_modules/.pnpm/@smithy+middleware-serde@3.0.11/node_modules/@smithy/middleware-serde/dist-cjs/index.js:35:20
    at /Users/aaronvillalpando/Projects/baml/node_modules/.pnpm/@smithy+core@2.5.7/node_modules/@smithy/core/dist-cjs/index.js:168:18
    at /Users/aaronvillalpando/Projects/baml/node_modules/.pnpm/@smithy+middleware-retry@3.0.34/node_modules/@smithy/middleware-retry/dist-cjs/index.js:320:38
    at /Users/aaronvillalpando/Projects/baml/node_modules/.pnpm/@aws-sdk+middleware-logger@3.714.0/node_modules/@aws-sdk/middleware-logger/dist-cjs/index.js:34:22
    at Object.&lt;anonymous&gt; (/Users/aaronvillalpando/Projects/baml/integ-tests/typescript/tests/providers/aws.test.ts:88:33)</failure>
    </testcase>
    <testcase classname="AWS Provider Dynamic Client Registry Credential Resolution should require region in all environments" name="AWS Provider Dynamic Client Registry Credential Resolution should require region in all environments" time="0.345">
    </testcase>
    <testcase classname="AWS Provider Dynamic Client Registry Credential Resolution should throw error when region is empty or AWS_REGION is unset" name="AWS Provider Dynamic Client Registry Credential Resolution should throw error when region is empty or AWS_REGION is unset" time="0.36">
    </testcase>
    <testcase classname="AWS Provider Dynamic Client Registry should support dynamic client configuration" name="AWS Provider Dynamic Client Registry should support dynamic client configuration" time="1.365">
    </testcase>
    <testcase classname="AWS Provider Dynamic Client Registry should support AWS credentials configuration" name="AWS Provider Dynamic Client Registry should support AWS credentials configuration" time="0.348">
    </testcase>
    <testcase classname="AWS Provider Dynamic Client Registry should support AWS profile configuration" name="AWS Provider Dynamic Client Registry should support AWS profile configuration" time="1.49">
    </testcase>
    <testcase classname="AWS Provider Dynamic Client Registry should support both model and model_id parameters" name="AWS Provider Dynamic Client Registry should support both model and model_id parameters" time="2.96">
    </testcase>
    <testcase classname="AWS Provider Dynamic Client Registry should handle invalid configuration gracefully" name="AWS Provider Dynamic Client Registry should handle invalid configuration gracefully" time="2.616">
    </testcase>
    <testcase classname="AWS Provider Dynamic Client Registry should handle non-existent model gracefully" name="AWS Provider Dynamic Client Registry should handle non-existent model gracefully" time="1.178">
    </testcase>
    <testcase classname="AWS Provider Dynamic Client Registry should throw error when using temporary credentials without session token" name="AWS Provider Dynamic Client Registry should throw error when using temporary credentials without session token" time="0.343">
      <failure>InvalidClientTokenId: The security token included in the request is invalid.
    at throwDefaultError (/Users/aaronvillalpando/Projects/baml/node_modules/.pnpm/@smithy+smithy-client@3.7.0/node_modules/@smithy/smithy-client/dist-cjs/index.js:844:20)
    at /Users/aaronvillalpando/Projects/baml/node_modules/.pnpm/@smithy+smithy-client@3.7.0/node_modules/@smithy/smithy-client/dist-cjs/index.js:853:5
    at de_CommandError (/Users/aaronvillalpando/Projects/baml/node_modules/.pnpm/@aws-sdk+client-sts@3.721.0/node_modules/@aws-sdk/client-sts/dist-cjs/index.js:505:14)
    at processTicksAndRejections (node:internal/process/task_queues:95:5)
    at /Users/aaronvillalpando/Projects/baml/node_modules/.pnpm/@smithy+middleware-serde@3.0.11/node_modules/@smithy/middleware-serde/dist-cjs/index.js:35:20
    at /Users/aaronvillalpando/Projects/baml/node_modules/.pnpm/@smithy+core@2.5.7/node_modules/@smithy/core/dist-cjs/index.js:168:18
    at /Users/aaronvillalpando/Projects/baml/node_modules/.pnpm/@smithy+middleware-retry@3.0.34/node_modules/@smithy/middleware-retry/dist-cjs/index.js:320:38
    at /Users/aaronvillalpando/Projects/baml/node_modules/.pnpm/@aws-sdk+middleware-logger@3.714.0/node_modules/@aws-sdk/middleware-logger/dist-cjs/index.js:34:22
    at Object.&lt;anonymous&gt; (/Users/aaronvillalpando/Projects/baml/integ-tests/typescript/tests/providers/aws.test.ts:319:31)</failure>
    </testcase>
    <testcase classname="AWS Provider Dynamic Client Registry should throw error when region is not provided" name="AWS Provider Dynamic Client Registry should throw error when region is not provided" time="0.005">
    </testcase>
    <testcase classname="AWS Provider Dynamic Client Registry should throw error when using invalid profile" name="AWS Provider Dynamic Client Registry should throw error when using invalid profile" time="0.003">
    </testcase>
    <testcase classname="AWS Provider Dynamic Client Registry should support both AWS_REGION and AWS_DEFAULT_REGION environment variables" name="AWS Provider Dynamic Client Registry should support both AWS_REGION and AWS_DEFAULT_REGION environment variables" time="4.407">
    </testcase>
  </testsuite>
  <testsuite name="Provider Caching Tests" errors="0" failures="1" skipped="0" timestamp="2025-10-07T19:40:51" time="45.822" tests="6">
    <testcase classname="Provider Caching Tests should handle OpenAI streaming with cached token tracking" name="Provider Caching Tests should handle OpenAI streaming with cached token tracking" time="4.874">
    </testcase>
    <testcase classname="Provider Caching Tests should aggregate cached tokens across multiple OpenAI calls" name="Provider Caching Tests should aggregate cached tokens across multiple OpenAI calls" time="2.344">
    </testcase>
    <testcase classname="Provider Caching Tests should verify OpenAI caching with streaming" name="Provider Caching Tests should verify OpenAI caching with streaming" time="3.66">
    </testcase>
    <testcase classname="Provider Caching Tests should verify Google/Vertex caching with repeated large content" name="Provider Caching Tests should verify Google/Vertex caching with repeated large content" time="11.711">
    </testcase>
    <testcase classname="Provider Caching Tests should handle Vertex AI streaming with cached token tracking" name="Provider Caching Tests should handle Vertex AI streaming with cached token tracking" time="5.566">
    </testcase>
    <testcase classname="Provider Caching Tests should verify AWS provider returns null for cached tokens" name="Provider Caching Tests should verify AWS provider returns null for cached tokens" time="1.361">
      <failure>BamlClientHttpError: BamlError: BamlClientError: BamlClientHttpError: ServiceError(
    ServiceError {
        source: AccessDeniedException(
            AccessDeniedException {
                message: Some(
                    &quot;User: arn:aws:sts::147997132427:assumed-role/AWSReservedSSO_AdministratorAccess_b2891e5925fe25fd/aaron is not authorized to perform: bedrock:InvokeModel on resource: arn:aws:bedrock:us-east-1:404337120808:inference-profile/us.anthropic.claude-3-7-sonnet-20250219-v1:0 because no resource-based policy allows the bedrock:InvokeModel action&quot;,
                ),
                meta: ErrorMetadata {
                    code: Some(
                        &quot;AccessDeniedException&quot;,
                    ),
                    message: Some(
                        &quot;User: arn:aws:sts::147997132427:assumed-role/AWSReservedSSO_AdministratorAccess_b2891e5925fe25fd/aaron is not authorized to perform: bedrock:InvokeModel on resource: arn:aws:bedrock:us-east-1:404337120808:inference-profile/us.anthropic.claude-3-7-sonnet-20250219-v1:0 because no resource-based policy allows the bedrock:InvokeModel action&quot;,
                    ),
                    extras: Some(
                        {
                            &quot;aws_request_id&quot;: &quot;9ed98192-611e-4953-98f9-8dcde14e85ed&quot;,
                        },
                    ),
                },
            },
        ),
        raw: Response {
            status: StatusCode(
                403,
            ),
            headers: Headers {
                headers: {
                    &quot;date&quot;: HeaderValue {
                        _private: H1(
                            &quot;Tue, 07 Oct 2025 19:41:37 GMT&quot;,
                        ),
                    },
                    &quot;content-type&quot;: HeaderValue {
                        _private: H1(
                            &quot;application/json&quot;,
                        ),
                    },
                    &quot;content-length&quot;: HeaderValue {
                        _private: H1(
                            &quot;352&quot;,
                        ),
                    },
                    &quot;x-amzn-requestid&quot;: HeaderValue {
                        _private: H1(
                            &quot;9ed98192-611e-4953-98f9-8dcde14e85ed&quot;,
                        ),
                    },
                    &quot;x-amzn-errortype&quot;: HeaderValue {
                        _private: H1(
                            &quot;AccessDeniedException:http://internal.amazon.com/coral/com.amazon.coral.service/&quot;,
                        ),
                    },
                },
            },
            body: SdkBody {
                inner: Once(
                    Some(
                        b&quot;{\&quot;Message\&quot;:\&quot;User: arn:aws:sts::147997132427:assumed-role/AWSReservedSSO_AdministratorAccess_b2891e5925fe25fd/aaron is not authorized to perform: bedrock:InvokeModel on resource: arn:aws:bedrock:us-east-1:404337120808:inference-profile/us.anthropic.claude-3-7-sonnet-20250219-v1:0 because no resource-based policy allows the bedrock:InvokeModel action\&quot;}&quot;,
                    ),
                ),
                retryable: true,
            },
            extensions: Extensions {
                extensions_02x: Extensions,
                extensions_1x: Extensions,
            },
        },
    },
)
    at Function.from (/Users/aaronvillalpando/Projects/baml/engine/language_client_typescript/errors.js:110:28)
    at createBamlErrorUnsafe (/Users/aaronvillalpando/Projects/baml/engine/language_client_typescript/errors.js:168:53)
    at toBamlError (/Users/aaronvillalpando/Projects/baml/engine/language_client_typescript/errors.js:206:16)
    at BamlAsyncClient.TestAws (/Users/aaronvillalpando/Projects/baml/integ-tests/typescript/baml_client/async_client.ts:6297:30)
    at Object.&lt;anonymous&gt; (/Users/aaronvillalpando/Projects/baml/integ-tests/typescript/tests/providers/caching.test.ts:191:5)</failure>
    </testcase>
  </testsuite>
  <testsuite name="Literal types tests" errors="0" failures="0" skipped="0" timestamp="2025-10-07T19:41:31" time="6.422" tests="8">
    <testcase classname="Literal types tests return literal union" name="Literal types tests return literal union" time="0.756">
    </testcase>
    <testcase classname="Literal types tests single literal int" name="Literal types tests single literal int" time="0.75">
    </testcase>
    <testcase classname="Literal types tests single literal bool" name="Literal types tests single literal bool" time="0.498">
    </testcase>
    <testcase classname="Literal types tests single literal string" name="Literal types tests single literal string" time="0.531">
    </testcase>
    <testcase classname="Literal types tests single class with literal prop" name="Literal types tests single class with literal prop" time="0.799">
    </testcase>
    <testcase classname="Literal types tests single class with literal union prop" name="Literal types tests single class with literal union prop" time="0.809">
    </testcase>
    <testcase classname="Literal types tests literal string union key in map" name="Literal types tests literal string union key in map" time="0.556">
    </testcase>
    <testcase classname="Literal types tests single literal string key in map" name="Literal types tests single literal string key in map" time="0.69">
    </testcase>
  </testsuite>
  <testsuite name="Dynamic Clients" errors="0" failures="0" skipped="0" timestamp="2025-10-07T19:41:37" time="1.598" tests="1">
    <testcase classname="Dynamic Clients should work with dynamic client" name="Dynamic Clients should work with dynamic client" time="0.437">
    </testcase>
  </testsuite>
  <testsuite name="Error Handling Tests" errors="0" failures="0" skipped="0" timestamp="2025-10-07T19:41:38" time="2.688" tests="5">
    <testcase classname="Error Handling Tests should raise an error for invalid argument types" name="Error Handling Tests should raise an error for invalid argument types" time="0.003">
    </testcase>
    <testcase classname="Error Handling Tests should raise an error for invalid client configuration" name="Error Handling Tests should raise an error for invalid client configuration" time="0.478">
    </testcase>
    <testcase classname="Error Handling Tests should raise a BAMLValidationError with proper details" name="Error Handling Tests should raise a BAMLValidationError with proper details" time="0.71">
    </testcase>
    <testcase classname="Error Handling Tests should handle client HTTP errors" name="Error Handling Tests should handle client HTTP errors" time="0.205">
    </testcase>
    <testcase classname="Error Handling Tests should raise a BamlClientHttpError with proper details" name="Error Handling Tests should raise a BamlClientHttpError with proper details" time="0.278">
    </testcase>
  </testsuite>
  <testsuite name="Map tests" errors="0" failures="0" skipped="0" timestamp="2025-10-07T19:41:37" time="3.745" tests="1">
    <testcase classname="Map tests enum key in map" name="Map tests enum key in map" time="2.474">
    </testcase>
  </testsuite>
  <testsuite name="Prompt Renderer Tests" errors="0" failures="0" skipped="0" timestamp="2025-10-07T19:41:36" time="6.643" tests="5">
    <testcase classname="Prompt Renderer Tests should use aliases when serializing input objects - classes" name="Prompt Renderer Tests should use aliases when serializing input objects - classes" time="1.744">
    </testcase>
    <testcase classname="Prompt Renderer Tests should use aliases when serializing, but still have original keys in jinja" name="Prompt Renderer Tests should use aliases when serializing, but still have original keys in jinja" time="2.679">
    </testcase>
    <testcase classname="Prompt Renderer Tests should use aliases when serializing input objects - enums" name="Prompt Renderer Tests should use aliases when serializing input objects - enums" time="0.464">
    </testcase>
    <testcase classname="Prompt Renderer Tests should use aliases when serializing input objects - lists" name="Prompt Renderer Tests should use aliases when serializing input objects - lists" time="0.794">
    </testcase>
    <testcase classname="Prompt Renderer Tests maintain field order" name="Prompt Renderer Tests maintain field order" time="0.003">
    </testcase>
  </testsuite>
  <testsuite name="Workflow Tests" errors="0" failures="0" skipped="0" timestamp="2025-10-07T19:41:39" time="3.75" tests="1">
    <testcase classname="Workflow Tests should run workflows" name="Workflow Tests should run workflows" time="2.274">
    </testcase>
  </testsuite>
  <testsuite name="Retry Policies" errors="0" failures="0" skipped="0" timestamp="2025-10-07T19:41:34" time="9.404" tests="3">
    <testcase classname="Retry Policies works with retries1" name="Retry Policies works with retries1" time="1.187">
    </testcase>
    <testcase classname="Retry Policies works with retries2" name="Retry Policies works with retries2" time="4.658">
    </testcase>
    <testcase classname="Retry Policies works with fallbacks" name="Retry Policies works with fallbacks" time="2.604">
    </testcase>
  </testsuite>
  <testsuite name="Expose Request Tests" errors="0" failures="0" skipped="0" timestamp="2025-10-07T19:41:43" time="0.905" tests="7">
    <testcase classname="Expose Request Tests should expose request gpt4" name="Expose Request Tests should expose request gpt4" time="0.01">
    </testcase>
    <testcase classname="Expose Request Tests should expose request gemini" name="Expose Request Tests should expose request gemini" time="0.007">
    </testcase>
    <testcase classname="Expose Request Tests should expose request fallback" name="Expose Request Tests should expose request fallback" time="0.007">
    </testcase>
    <testcase classname="Expose Request Tests should expose request round robin" name="Expose Request Tests should expose request round robin" time="0.003">
    </testcase>
    <testcase classname="Expose Request Tests should expose request gpt4 sync" name="Expose Request Tests should expose request gpt4 sync" time="0.002">
    </testcase>
    <testcase classname="Expose Request Tests should expose request gpt4 stream" name="Expose Request Tests should expose request gpt4 stream" time="0.006">
    </testcase>
    <testcase classname="Expose Request Tests should expose request gpt4 stream sync" name="Expose Request Tests should expose request gpt4 stream sync" time="0.003">
    </testcase>
  </testsuite>
  <testsuite name="Experimental OnTick Basic" errors="0" failures="0" skipped="0" timestamp="2025-10-07T19:41:44" time="1.002" tests="3">
    <testcase classname="Experimental OnTick Basic should reject onTick for sync functions" name="Experimental OnTick Basic should reject onTick for sync functions" time="0.095">
    </testcase>
    <testcase classname="Experimental OnTick Basic should accept onTick in BamlCallOptions for async functions" name="Experimental OnTick Basic should accept onTick in BamlCallOptions for async functions" time="0.001">
    </testcase>
    <testcase classname="Experimental OnTick Basic should accept onTick in stream functions" name="Experimental OnTick Basic should accept onTick in stream functions" time="0.012">
    </testcase>
  </testsuite>
  <testsuite name="Dynamic Enum Request Tests" errors="0" failures="0" skipped="0" timestamp="2025-10-07T19:41:43" time="1.148" tests="3">
    <testcase classname="Dynamic Enum Request Tests should include dynamic enum values in RenderDynamicEnum request (direct options)" name="Dynamic Enum Request Tests should include dynamic enum values in RenderDynamicEnum request (direct options)" time="0.012">
    </testcase>
    <testcase classname="Dynamic Enum Request Tests should include dynamic enum values in RenderDynamicEnum request (withOptions default)" name="Dynamic Enum Request Tests should include dynamic enum values in RenderDynamicEnum request (withOptions default)" time="0.004">
    </testcase>
    <testcase classname="Dynamic Enum Request Tests should include dynamic class properties in RenderDynamicClass request" name="Dynamic Enum Request Tests should include dynamic class properties in RenderDynamicClass request" time="0.007">
    </testcase>
  </testsuite>
  <testsuite name="Gemini Provider" errors="0" failures="0" skipped="0" timestamp="2025-10-07T19:41:34" time="11.603" tests="2">
    <testcase classname="Gemini Provider Streaming should support streaming in Gemini" name="Gemini Provider Streaming should support streaming in Gemini" time="5.918">
    </testcase>
    <testcase classname="Gemini Provider system message should support system_instructions in Gemini" name="Gemini Provider system message should support system_instructions in Gemini" time="4.691">
    </testcase>
  </testsuite>
  <testsuite name="Expose Parser Tests" errors="0" failures="0" skipped="0" timestamp="2025-10-07T19:41:45" time="0.927" tests="4">
    <testcase classname="Expose Parser Tests should expose parser" name="Expose Parser Tests should expose parser" time="0.004">
    </testcase>
    <testcase classname="Expose Parser Tests should expose parser sync" name="Expose Parser Tests should expose parser sync" time="0.002">
    </testcase>
    <testcase classname="Expose Parser Tests should expose stream parser" name="Expose Parser Tests should expose stream parser" time="0.006">
    </testcase>
    <testcase classname="Expose Parser Tests should expose stream parser sync" name="Expose Parser Tests should expose stream parser sync" time="0.004">
    </testcase>
  </testsuite>
  <testsuite name="VM Async Runtime Tests" errors="0" failures="0" skipped="0" timestamp="2025-10-07T19:41:41" time="5.399" tests="5">
    <testcase classname="VM Async Runtime Tests should return number calling LLM" name="VM Async Runtime Tests should return number calling LLM" time="0.494">
    </testcase>
    <testcase classname="VM Async Runtime Tests should store LLM call in local var" name="VM Async Runtime Tests should store LLM call in local var" time="0.364">
    </testcase>
    <testcase classname="VM Async Runtime Tests should convert bool to int with if-else calling LLM" name="VM Async Runtime Tests should convert bool to int with if-else calling LLM" time="1.043">
    </testcase>
    <testcase classname="VM Async Runtime Tests should call LLM to describe image" name="VM Async Runtime Tests should call LLM to describe image" time="1.787">
    </testcase>
    <testcase classname="VM Async Runtime Tests should execute fetch as" name="VM Async Runtime Tests should execute fetch as" time="0.192">
    </testcase>
  </testsuite>
  <testsuite name="Union streaming regression" errors="0" failures="1" skipped="0" timestamp="2025-10-07T19:41:41" time="9.197" tests="1">
    <testcase classname="Union streaming regression streams discriminated todo tools" name="Union streaming regression streams discriminated todo tools" time="7.841">
      <failure>Error: expect(received).toBeLessThan(expected)

Matcher error: received value must be a number or bigint

Received has value: undefined
    at Object.&lt;anonymous&gt; (/Users/aaronvillalpando/Projects/baml/integ-tests/typescript/tests/streaming-unions.test.ts:88:43)</failure>
    </testcase>
  </testsuite>
  <testsuite name="Basic Input/Output Tests" errors="0" failures="0" skipped="0" timestamp="2025-10-07T19:40:51" time="69.526" tests="24">
    <testcase classname="Basic Input/Output Tests Input Types single bool" name="Basic Input/Output Tests Input Types single bool" time="1.502">
    </testcase>
    <testcase classname="Basic Input/Output Tests Input Types single string list" name="Basic Input/Output Tests Input Types single string list" time="1.06">
    </testcase>
    <testcase classname="Basic Input/Output Tests Input Types single class" name="Basic Input/Output Tests Input Types single class" time="0.851">
    </testcase>
    <testcase classname="Basic Input/Output Tests Input Types multiple classes" name="Basic Input/Output Tests Input Types multiple classes" time="1.158">
    </testcase>
    <testcase classname="Basic Input/Output Tests Input Types single enum list" name="Basic Input/Output Tests Input Types single enum list" time="0.888">
    </testcase>
    <testcase classname="Basic Input/Output Tests Input Types single float" name="Basic Input/Output Tests Input Types single float" time="0.554">
    </testcase>
    <testcase classname="Basic Input/Output Tests Input Types single int" name="Basic Input/Output Tests Input Types single int" time="0.866">
    </testcase>
    <testcase classname="Basic Input/Output Tests Output Types single bool" name="Basic Input/Output Tests Output Types single bool" time="0.493">
    </testcase>
    <testcase classname="Basic Input/Output Tests Output Types single int" name="Basic Input/Output Tests Output Types single int" time="0.504">
    </testcase>
    <testcase classname="Basic Input/Output Tests Output Types single class" name="Basic Input/Output Tests Output Types single class" time="2.98">
    </testcase>
    <testcase classname="Basic Input/Output Tests Output Types single class list" name="Basic Input/Output Tests Output Types single class list" time="4.679">
    </testcase>
    <testcase classname="Basic Input/Output Tests Output Types enum list" name="Basic Input/Output Tests Output Types enum list" time="0.947">
    </testcase>
    <testcase classname="Basic Input/Output Tests Output Types single class with enum" name="Basic Input/Output Tests Output Types single class with enum" time="1.026">
    </testcase>
    <testcase classname="Basic Input/Output Tests Output Types optional list and map" name="Basic Input/Output Tests Output Types optional list and map" time="1.842">
    </testcase>
    <testcase classname="Basic Input/Output Tests Output Types single optional string" name="Basic Input/Output Tests Output Types single optional string" time="0.597">
    </testcase>
    <testcase classname="Basic Input/Output Tests Output Types single map string to string" name="Basic Input/Output Tests Output Types single map string to string" time="0.971">
    </testcase>
    <testcase classname="Basic Input/Output Tests Output Types single map string to map" name="Basic Input/Output Tests Output Types single map string to map" time="1.005">
    </testcase>
    <testcase classname="Basic Input/Output Tests Output Types literal int" name="Basic Input/Output Tests Output Types literal int" time="0.57">
    </testcase>
    <testcase classname="Basic Input/Output Tests Output Types literal bool" name="Basic Input/Output Tests Output Types literal bool" time="0.697">
    </testcase>
    <testcase classname="Basic Input/Output Tests Output Types literal string" name="Basic Input/Output Tests Output Types literal string" time="0.664">
    </testcase>
    <testcase classname="Clients Tests should work with a sync client" name="Clients Tests should work with a sync client" time="4.247">
    </testcase>
    <testcase classname="Streaming Tests should support streaming without iterating" name="Streaming Tests should support streaming without iterating" time="8.416">
    </testcase>
    <testcase classname="Streaming Tests should work with nested classes" name="Streaming Tests should work with nested classes" time="1.933">
    </testcase>
    <testcase classname="Semantic Streaming Tests should support semantic streaming" name="Semantic Streaming Tests should support semantic streaming" time="14.904">
    </testcase>
  </testsuite>
  <testsuite name="Media Tests" errors="0" failures="1" skipped="0" timestamp="2025-10-07T19:41:32" time="37.06" tests="8">
    <testcase classname="Media Tests should work with image from url" name="Media Tests should work with image from url" time="0.608">
    </testcase>
    <testcase classname="Media Tests should work with image from base 64" name="Media Tests should work with image from base 64" time="0.873">
    </testcase>
    <testcase classname="Media Tests should work with audio base 64" name="Media Tests should work with audio base 64" time="2.515">
    </testcase>
    <testcase classname="Media Tests should work with audio from url" name="Media Tests should work with audio from url" time="4.585">
    </testcase>
    <testcase classname="Media Tests should work with pdf from url" name="Media Tests should work with pdf from url" time="2.222">
    </testcase>
    <testcase classname="Media Tests should work with pdf from base 64" name="Media Tests should work with pdf from base 64" time="2.813">
    </testcase>
    <testcase classname="Media Tests should work with video and a youtube url for gemini" name="Media Tests should work with video and a youtube url for gemini" time="15.59">
    </testcase>
    <testcase classname="Media Tests should work with video from base 64" name="Media Tests should work with video from base 64" time="6.513">
      <failure>Error: expect(received).toMatch(expected)

Expected pattern: /(cartoon|sky|field)/
Received string:  &quot;dog watches meteor at sunset.&quot;
    at Object.&lt;anonymous&gt; (/Users/aaronvillalpando/Projects/baml/integ-tests/typescript/tests/media.test.ts:64:31)</failure>
    </testcase>
  </testsuite>
  <testsuite name="Collector Tests" errors="0" failures="1" skipped="0" timestamp="2025-10-07T19:41:43" time="26.817" tests="11">
    <testcase classname="Collector Tests should collect logs for non-streaming calls" name="Collector Tests should collect logs for non-streaming calls" time="1.344">
      <failure>Error: expect(received).toBeUndefined()

Received: 0
    at Object.&lt;anonymous&gt; (/Users/aaronvillalpando/Projects/baml/integ-tests/typescript/tests/collector.test.ts:92:42)</failure>
    </testcase>
    <testcase classname="Collector Tests should include parent trace tags in FunctionLog.tags" name="Collector Tests should include parent trace tags in FunctionLog.tags" time="2.312">
    </testcase>
    <testcase classname="Collector Tests should handle streaming calls correctly" name="Collector Tests should handle streaming calls correctly" time="1.228">
    </testcase>
    <testcase classname="Collector Tests should verify LLMStreamCall properties for streaming calls" name="Collector Tests should verify LLMStreamCall properties for streaming calls" time="1.683">
    </testcase>
    <testcase classname="Collector Tests should track cumulative usage across multiple calls" name="Collector Tests should track cumulative usage across multiple calls" time="2.125">
    </testcase>
    <testcase classname="Collector Tests should support multiple collectors" name="Collector Tests should support multiple collectors" time="2.429">
    </testcase>
    <testcase classname="Collector Tests should handle parallel async calls correctly" name="Collector Tests should handle parallel async calls correctly" time="1.774">
    </testcase>
    <testcase classname="Collector Tests should handle sync calls correctly" name="Collector Tests should handle sync calls correctly" time="1.059">
    </testcase>
    <testcase classname="Collector Tests should handle multiple async calls with nested gathers" name="Collector Tests should handle multiple async calls with nested gathers" time="0.98">
    </testcase>
    <testcase classname="Collector Tests should track cached input tokens for Anthropic caching" name="Collector Tests should track cached input tokens for Anthropic caching" time="8.395">
    </testcase>
    <testcase classname="Collector Tests should pass function-specific tags and preserve parent trace tags" name="Collector Tests should pass function-specific tags and preserve parent trace tags" time="2.259">
    </testcase>
  </testsuite>
  <testsuite name="OpenAI Provider" errors="0" failures="2" skipped="0" timestamp="2025-10-07T19:41:13" time="75.767" tests="10">
    <testcase classname="OpenAI Provider should support OpenAI shorthand" name="OpenAI Provider should support OpenAI shorthand" time="1.135">
    </testcase>
    <testcase classname="OpenAI Provider should support openai with default max_tokens" name="OpenAI Provider should support openai with default max_tokens" time="30.003">
      <failure>Error: thrown: &quot;Exceeded timeout of 30000 ms for a test.
Add a timeout value to this test to increase the timeout, if this is a long-running test. See https://jestjs.io/docs/api#testname-fn-timeout.&quot;
    at /Users/aaronvillalpando/Projects/baml/integ-tests/typescript/tests/providers/openai.test.ts:9:3
    at _dispatchDescribe (/Users/aaronvillalpando/Projects/baml/node_modules/.pnpm/jest-circus@29.7.0/node_modules/jest-circus/build/index.js:91:26)
    at describe (/Users/aaronvillalpando/Projects/baml/node_modules/.pnpm/jest-circus@29.7.0/node_modules/jest-circus/build/index.js:55:5)
    at Object.&lt;anonymous&gt; (/Users/aaronvillalpando/Projects/baml/integ-tests/typescript/tests/providers/openai.test.ts:3:1)
    at Runtime._execModule (/Users/aaronvillalpando/Projects/baml/node_modules/.pnpm/jest-runtime@29.7.0/node_modules/jest-runtime/build/index.js:1439:24)
    at Runtime._loadModule (/Users/aaronvillalpando/Projects/baml/node_modules/.pnpm/jest-runtime@29.7.0/node_modules/jest-runtime/build/index.js:1022:12)
    at Runtime.requireModule (/Users/aaronvillalpando/Projects/baml/node_modules/.pnpm/jest-runtime@29.7.0/node_modules/jest-runtime/build/index.js:882:12)
    at jestAdapter (/Users/aaronvillalpando/Projects/baml/node_modules/.pnpm/jest-circus@29.7.0/node_modules/jest-circus/build/legacy-code-todo-rewrite/jestAdapter.js:77:13)
    at processTicksAndRejections (node:internal/process/task_queues:95:5)
    at runTestInternal (/Users/aaronvillalpando/Projects/baml/node_modules/.pnpm/jest-runner@29.7.0/node_modules/jest-runner/build/runTest.js:367:16)
    at runTest (/Users/aaronvillalpando/Projects/baml/node_modules/.pnpm/jest-runner@29.7.0/node_modules/jest-runner/build/runTest.js:444:34)
    at Object.worker (/Users/aaronvillalpando/Projects/baml/node_modules/.pnpm/jest-runner@29.7.0/node_modules/jest-runner/build/testWorker.js:106:12)</failure>
    </testcase>
    <testcase classname="OpenAI Provider should support o1 model without max_tokens" name="OpenAI Provider should support o1 model without max_tokens" time="2.878">
    </testcase>
    <testcase classname="OpenAI Provider should fail when setting max_tokens for o1 model" name="OpenAI Provider should fail when setting max_tokens for o1 model" time="0.336">
    </testcase>
    <testcase classname="OpenAI Provider should support non-o1 model with explicit max_tokens" name="OpenAI Provider should support non-o1 model with explicit max_tokens" time="1.213">
    </testcase>
    <testcase classname="OpenAI Provider should support o1 model with explicit max_completion_tokens" name="OpenAI Provider should support o1 model with explicit max_completion_tokens" time="1.59">
    </testcase>
    <testcase classname="OpenAI Provider should support openai with null max_tokens" name="OpenAI Provider should support openai with null max_tokens" time="1.717">
    </testcase>
    <testcase classname="OpenAI Provider Streaming should support OpenAI shorthand streaming" name="OpenAI Provider Streaming should support OpenAI shorthand streaming" time="1.265">
    </testcase>
    <testcase classname="OpenAI Provider Streaming should support streaming in OpenAI" name="OpenAI Provider Streaming should support streaming in OpenAI" time="19.722">
      <failure>Error: expect(received).toBeLessThanOrEqual(expected)

Expected: &lt;= 1500
Received:    4040.5983329999945
    at Object.&lt;anonymous&gt; (/Users/aaronvillalpando/Projects/baml/integ-tests/typescript/tests/providers/openai.test.ts:68:41)</failure>
    </testcase>
    <testcase classname="OpenAI Provider Streaming should support streaming without iterating" name="OpenAI Provider Streaming should support streaming without iterating" time="14.846">
    </testcase>
  </testsuite>
  <testsuite name="Modular API Tests" errors="0" failures="2" skipped="0" timestamp="2025-10-07T19:41:45" time="50.462" tests="8">
    <testcase classname="Modular API Tests modular openai gpt4" name="Modular API Tests modular openai gpt4" time="2.494">
    </testcase>
    <testcase classname="Modular API Tests modular anthropic claude 3 haiku" name="Modular API Tests modular anthropic claude 3 haiku" time="1.596">
    </testcase>
    <testcase classname="Modular API Tests modular google gemini" name="Modular API Tests modular google gemini" time="3.764">
    </testcase>
    <testcase classname="Modular API Tests modular openai gpt4 manual http request" name="Modular API Tests modular openai gpt4 manual http request" time="1.029">
    </testcase>
    <testcase classname="Modular API Tests modular openai gpt4 streaming" name="Modular API Tests modular openai gpt4 streaming" time="1.553">
    </testcase>
    <testcase classname="Modular API Tests openai batch api" name="Modular API Tests openai batch api" time="30.003">
      <failure>Error: thrown: &quot;Exceeded timeout of 30000 ms for a test.
Add a timeout value to this test to increase the timeout, if this is a long-running test. See https://jestjs.io/docs/api#testname-fn-timeout.&quot;
    at /Users/aaronvillalpando/Projects/baml/integ-tests/typescript/tests/modular.test.ts:187:3
    at _dispatchDescribe (/Users/aaronvillalpando/Projects/baml/node_modules/.pnpm/jest-circus@29.7.0/node_modules/jest-circus/build/index.js:91:26)
    at describe (/Users/aaronvillalpando/Projects/baml/node_modules/.pnpm/jest-circus@29.7.0/node_modules/jest-circus/build/index.js:55:5)
    at Object.&lt;anonymous&gt; (/Users/aaronvillalpando/Projects/baml/integ-tests/typescript/tests/modular.test.ts:92:1)
    at Runtime._execModule (/Users/aaronvillalpando/Projects/baml/node_modules/.pnpm/jest-runtime@29.7.0/node_modules/jest-runtime/build/index.js:1439:24)
    at Runtime._loadModule (/Users/aaronvillalpando/Projects/baml/node_modules/.pnpm/jest-runtime@29.7.0/node_modules/jest-runtime/build/index.js:1022:12)
    at Runtime.requireModule (/Users/aaronvillalpando/Projects/baml/node_modules/.pnpm/jest-runtime@29.7.0/node_modules/jest-runtime/build/index.js:882:12)
    at jestAdapter (/Users/aaronvillalpando/Projects/baml/node_modules/.pnpm/jest-circus@29.7.0/node_modules/jest-circus/build/legacy-code-todo-rewrite/jestAdapter.js:77:13)
    at processTicksAndRejections (node:internal/process/task_queues:95:5)
    at runTestInternal (/Users/aaronvillalpando/Projects/baml/node_modules/.pnpm/jest-runner@29.7.0/node_modules/jest-runner/build/runTest.js:367:16)
    at runTest (/Users/aaronvillalpando/Projects/baml/node_modules/.pnpm/jest-runner@29.7.0/node_modules/jest-runner/build/runTest.js:444:34)
    at Object.worker (/Users/aaronvillalpando/Projects/baml/node_modules/.pnpm/jest-runner@29.7.0/node_modules/jest-runner/build/testWorker.js:106:12)</failure>
    </testcase>
    <testcase classname="Modular API Tests modular openai responses" name="Modular API Tests modular openai responses" time="8.102">
    </testcase>
    <testcase classname="Modular API Tests modular aws bedrock custom cache point" name="Modular API Tests modular aws bedrock custom cache point" time="0.003">
      <failure>CredentialsProviderError: Unable to find environment variable credentials.
    at SignatureV4.credentialProvider (/Users/aaronvillalpando/Projects/baml/node_modules/.pnpm/@aws-sdk+credential-provider-env@3.826.0/node_modules/@aws-sdk/credential-provider-env/dist-cjs/index.js:63:9)
    at SignatureV4.signRequest (/Users/aaronvillalpando/Projects/baml/node_modules/.pnpm/@smithy+signature-v4@5.2.1/node_modules/@smithy/signature-v4/dist-cjs/index.js:592:36)
    at SignatureV4.sign (/Users/aaronvillalpando/Projects/baml/node_modules/.pnpm/@smithy+signature-v4@5.2.1/node_modules/@smithy/signature-v4/dist-cjs/index.js:538:19)
    at Object.&lt;anonymous&gt; (/Users/aaronvillalpando/Projects/baml/integ-tests/typescript/tests/modular.test.ts:347:33)</failure>
    </testcase>
  </testsuite>
</testsuites>