<?xml version="1.0" encoding="UTF-8"?>
<testsuites name="jest tests" tests="159" failures="3" errors="0" time="72.099">
  <testsuite name="Media Tests" errors="0" failures="1" skipped="0" timestamp="2025-06-14T18:35:05" time="17.127" tests="4">
    <testcase classname="Media Tests should work with image from url" name="Media Tests should work with image from url" time="1.222">
    </testcase>
    <testcase classname="Media Tests should work with image from base 64" name="Media Tests should work with image from base 64" time="0.676">
    </testcase>
    <testcase classname="Media Tests should work with audio base 64" name="Media Tests should work with audio base 64" time="0.969">
      <failure>Error: expect(received).toContain(expected) // indexOf

Expected substring: &quot;yes&quot;
Received string:    &quot;no
&quot;
    at Object.&lt;anonymous&gt; (/Users/aaronvillalpando/Projects/baml/integ-tests/typescript/tests/media.test.ts:20:31)</failure>
    </testcase>
    <testcase classname="Media Tests should work with audio from url" name="Media Tests should work with audio from url" time="1.018">
    </testcase>
  </testsuite>
  <testsuite name="Logger tests" errors="0" failures="0" skipped="0" timestamp="2025-06-14T18:35:05" time="22.083" tests="1">
    <testcase classname="Logger tests logger works as expected" name="Logger tests logger works as expected" time="8.793">
    </testcase>
  </testsuite>
  <testsuite name="Dynamic Type Tests" errors="0" failures="0" skipped="0" timestamp="2025-06-14T18:35:05" time="25.069" tests="12">
    <testcase classname="Dynamic Type Tests Basic Dynamic Types should work with dynamic types single" name="Dynamic Type Tests Basic Dynamic Types should work with dynamic types single" time="1.342">
    </testcase>
    <testcase classname="Dynamic Type Tests Basic Dynamic Types should work with dynamic types enum" name="Dynamic Type Tests Basic Dynamic Types should work with dynamic types enum" time="0.644">
    </testcase>
    <testcase classname="Dynamic Type Tests Basic Dynamic Types should work with dynamic types class" name="Dynamic Type Tests Basic Dynamic Types should work with dynamic types class" time="0.936">
    </testcase>
    <testcase classname="Dynamic Type Tests Basic Dynamic Types should work with dynamic literals" name="Dynamic Type Tests Basic Dynamic Types should work with dynamic literals" time="0.635">
    </testcase>
    <testcase classname="Dynamic Type Tests Basic Dynamic Types should work with dynamic inputs class" name="Dynamic Type Tests Basic Dynamic Types should work with dynamic inputs class" time="0.894">
    </testcase>
    <testcase classname="Dynamic Type Tests Complex Dynamic Types should work with dynamic inputs list" name="Dynamic Type Tests Complex Dynamic Types should work with dynamic inputs list" time="0.894">
    </testcase>
    <testcase classname="Dynamic Type Tests Complex Dynamic Types should work with dynamic output map" name="Dynamic Type Tests Complex Dynamic Types should work with dynamic output map" time="1.021">
    </testcase>
    <testcase classname="Dynamic Type Tests Complex Dynamic Types should work with dynamic output union" name="Dynamic Type Tests Complex Dynamic Types should work with dynamic output union" time="1.643">
    </testcase>
    <testcase classname="Dynamic Type Tests Add Baml should add to existing class" name="Dynamic Type Tests Add Baml should add to existing class" time="0.894">
    </testcase>
    <testcase classname="Dynamic Type Tests Add Baml should add to existing enum" name="Dynamic Type Tests Add Baml should add to existing enum" time="0.772">
    </testcase>
    <testcase classname="Dynamic Type Tests Add Baml should add both class and enum" name="Dynamic Type Tests Add Baml should add both class and enum" time="1.303">
    </testcase>
    <testcase classname="Dynamic Type Tests Add Baml should add baml with attrs" name="Dynamic Type Tests Add Baml should add baml with attrs" time="0.75">
    </testcase>
  </testsuite>
  <testsuite name="Memory usage tests" errors="0" failures="0" skipped="0" timestamp="2025-06-14T18:35:05" time="25.146" tests="1">
    <testcase classname="Memory usage tests memory usage stays within limits" name="Memory usage tests memory usage stays within limits" time="11.957">
    </testcase>
  </testsuite>
  <testsuite name="AWS Provider" errors="0" failures="1" skipped="0" timestamp="2025-06-14T18:35:05" time="27.542" tests="19">
    <testcase classname="AWS Provider should support AWS - basic" name="AWS Provider should support AWS - basic" time="0.696">
    </testcase>
    <testcase classname="AWS Provider should handle invalid AWS region gracefully" name="AWS Provider should handle invalid AWS region gracefully" time="1.051">
    </testcase>
    <testcase classname="AWS Provider should allow overriding the region" name="AWS Provider should allow overriding the region" time="1.355">
    </testcase>
    <testcase classname="AWS Provider should handle invalid AWS profile gracefully" name="AWS Provider should handle invalid AWS profile gracefully" time="0.589">
      <failure>Error: expect(received).rejects.toMatchObject()

Received promise resolved instead of rejected
Resolved to value: &quot;·
As the sun set, Dr. Pepper&apos;s unique flavor brought joy to a weary traveler&apos;s lips.&quot;
    at expect (/Users/aaronvillalpando/Projects/baml/integ-tests/typescript/node_modules/.pnpm/expect@29.7.0/node_modules/expect/build/index.js:113:15)
    at Object.&lt;anonymous&gt; (/Users/aaronvillalpando/Projects/baml/integ-tests/typescript/tests/providers/aws.test.ts:28:11)
    at Promise.then.completed (/Users/aaronvillalpando/Projects/baml/integ-tests/typescript/node_modules/.pnpm/jest-circus@29.7.0/node_modules/jest-circus/build/utils.js:298:28)
    at new Promise (&lt;anonymous&gt;)
    at callAsyncCircusFn (/Users/aaronvillalpando/Projects/baml/integ-tests/typescript/node_modules/.pnpm/jest-circus@29.7.0/node_modules/jest-circus/build/utils.js:231:10)
    at _callCircusTest (/Users/aaronvillalpando/Projects/baml/integ-tests/typescript/node_modules/.pnpm/jest-circus@29.7.0/node_modules/jest-circus/build/run.js:316:40)
    at _runTest (/Users/aaronvillalpando/Projects/baml/integ-tests/typescript/node_modules/.pnpm/jest-circus@29.7.0/node_modules/jest-circus/build/run.js:252:3)
    at _runTestsForDescribeBlock (/Users/aaronvillalpando/Projects/baml/integ-tests/typescript/node_modules/.pnpm/jest-circus@29.7.0/node_modules/jest-circus/build/run.js:126:9)
    at _runTestsForDescribeBlock (/Users/aaronvillalpando/Projects/baml/integ-tests/typescript/node_modules/.pnpm/jest-circus@29.7.0/node_modules/jest-circus/build/run.js:121:9)
    at run (/Users/aaronvillalpando/Projects/baml/integ-tests/typescript/node_modules/.pnpm/jest-circus@29.7.0/node_modules/jest-circus/build/run.js:71:3)
    at runAndTransformResultsToJestFormat (/Users/aaronvillalpando/Projects/baml/integ-tests/typescript/node_modules/.pnpm/jest-circus@29.7.0/node_modules/jest-circus/build/legacy-code-todo-rewrite/jestAdapterInit.js:122:21)
    at jestAdapter (/Users/aaronvillalpando/Projects/baml/integ-tests/typescript/node_modules/.pnpm/jest-circus@29.7.0/node_modules/jest-circus/build/legacy-code-todo-rewrite/jestAdapter.js:79:19)
    at runTestInternal (/Users/aaronvillalpando/Projects/baml/integ-tests/typescript/node_modules/.pnpm/jest-runner@29.7.0/node_modules/jest-runner/build/runTest.js:367:16)
    at runTest (/Users/aaronvillalpando/Projects/baml/integ-tests/typescript/node_modules/.pnpm/jest-runner@29.7.0/node_modules/jest-runner/build/runTest.js:444:34)
    at Object.worker (/Users/aaronvillalpando/Projects/baml/integ-tests/typescript/node_modules/.pnpm/jest-runner@29.7.0/node_modules/jest-runner/build/testWorker.js:106:12)</failure>
    </testcase>
    <testcase classname="AWS Provider should handle invalid AWS access key gracefully" name="AWS Provider should handle invalid AWS access key gracefully" time="0.303">
    </testcase>
    <testcase classname="AWS Provider Streaming should support streaming in AWS" name="AWS Provider Streaming should support streaming in AWS" time="0.811">
    </testcase>
    <testcase classname="AWS Provider Dynamic Client Registry Credential Resolution should handle session credentials correctly" name="AWS Provider Dynamic Client Registry Credential Resolution should handle session credentials correctly" time="1.03">
    </testcase>
    <testcase classname="AWS Provider Dynamic Client Registry Credential Resolution should require region in all environments" name="AWS Provider Dynamic Client Registry Credential Resolution should require region in all environments" time="0.283">
    </testcase>
    <testcase classname="AWS Provider Dynamic Client Registry Credential Resolution should throw error when region is empty or AWS_REGION is unset" name="AWS Provider Dynamic Client Registry Credential Resolution should throw error when region is empty or AWS_REGION is unset" time="0.328">
    </testcase>
    <testcase classname="AWS Provider Dynamic Client Registry should support dynamic client configuration" name="AWS Provider Dynamic Client Registry should support dynamic client configuration" time="0.608">
    </testcase>
    <testcase classname="AWS Provider Dynamic Client Registry should support AWS credentials configuration" name="AWS Provider Dynamic Client Registry should support AWS credentials configuration" time="0.406">
    </testcase>
    <testcase classname="AWS Provider Dynamic Client Registry should support AWS profile configuration" name="AWS Provider Dynamic Client Registry should support AWS profile configuration" time="0.582">
    </testcase>
    <testcase classname="AWS Provider Dynamic Client Registry should support both model and model_id parameters" name="AWS Provider Dynamic Client Registry should support both model and model_id parameters" time="1.305">
    </testcase>
    <testcase classname="AWS Provider Dynamic Client Registry should handle invalid configuration gracefully" name="AWS Provider Dynamic Client Registry should handle invalid configuration gracefully" time="1.718">
    </testcase>
    <testcase classname="AWS Provider Dynamic Client Registry should handle non-existent model gracefully" name="AWS Provider Dynamic Client Registry should handle non-existent model gracefully" time="0.329">
    </testcase>
    <testcase classname="AWS Provider Dynamic Client Registry should throw error when using temporary credentials without session token" name="AWS Provider Dynamic Client Registry should throw error when using temporary credentials without session token" time="0.593">
    </testcase>
    <testcase classname="AWS Provider Dynamic Client Registry should throw error when region is not provided" name="AWS Provider Dynamic Client Registry should throw error when region is not provided" time="0.003">
    </testcase>
    <testcase classname="AWS Provider Dynamic Client Registry should throw error when using invalid profile" name="AWS Provider Dynamic Client Registry should throw error when using invalid profile" time="0.002">
    </testcase>
    <testcase classname="AWS Provider Dynamic Client Registry should support both AWS_REGION and AWS_DEFAULT_REGION environment variables" name="AWS Provider Dynamic Client Registry should support both AWS_REGION and AWS_DEFAULT_REGION environment variables" time="1.817">
    </testcase>
  </testsuite>
  <testsuite name="Modular API Tests" errors="0" failures="0" skipped="0" timestamp="2025-06-14T18:35:05" time="33.67" tests="6">
    <testcase classname="Modular API Tests modular openai gpt4" name="Modular API Tests modular openai gpt4" time="1.338">
    </testcase>
    <testcase classname="Modular API Tests modular anthropic claude 3 haiku" name="Modular API Tests modular anthropic claude 3 haiku" time="1.878">
    </testcase>
    <testcase classname="Modular API Tests modular google gemini" name="Modular API Tests modular google gemini" time="2.097">
    </testcase>
    <testcase classname="Modular API Tests modular openai gpt4 manual http request" name="Modular API Tests modular openai gpt4 manual http request" time="1.013">
    </testcase>
    <testcase classname="Modular API Tests modular openai gpt4 streaming" name="Modular API Tests modular openai gpt4 streaming" time="1.07">
    </testcase>
    <testcase classname="Modular API Tests openai batch api" name="Modular API Tests openai batch api" time="18.636">
    </testcase>
  </testsuite>
  <testsuite name="OpenAI Provider" errors="0" failures="1" skipped="0" timestamp="2025-06-14T18:35:05" time="37.073" tests="10">
    <testcase classname="OpenAI Provider should support OpenAI shorthand" name="OpenAI Provider should support OpenAI shorthand" time="0.905">
    </testcase>
    <testcase classname="OpenAI Provider should support openai with default max_tokens" name="OpenAI Provider should support openai with default max_tokens" time="0.894">
      <failure>Error: expect(received).toContain(expected) // indexOf

Expected substring: &quot;donkey&quot;
Received string:    &quot;barrels roll with might,··
jungle echoes kong&apos;s great strength—··
bananas in sight.&quot;
    at Object.&lt;anonymous&gt; (/Users/aaronvillalpando/Projects/baml/integ-tests/typescript/tests/providers/openai.test.ts:11:31)</failure>
    </testcase>
    <testcase classname="OpenAI Provider should support o1 model without max_tokens" name="OpenAI Provider should support o1 model without max_tokens" time="1.293">
    </testcase>
    <testcase classname="OpenAI Provider should fail when setting max_tokens for o1 model" name="OpenAI Provider should fail when setting max_tokens for o1 model" time="0.265">
    </testcase>
    <testcase classname="OpenAI Provider should support non-o1 model with explicit max_tokens" name="OpenAI Provider should support non-o1 model with explicit max_tokens" time="1.238">
    </testcase>
    <testcase classname="OpenAI Provider should support o1 model with explicit max_completion_tokens" name="OpenAI Provider should support o1 model with explicit max_completion_tokens" time="1.592">
    </testcase>
    <testcase classname="OpenAI Provider should support openai with null max_tokens" name="OpenAI Provider should support openai with null max_tokens" time="1.865">
    </testcase>
    <testcase classname="OpenAI Provider Streaming should support OpenAI shorthand streaming" name="OpenAI Provider Streaming should support OpenAI shorthand streaming" time="0.707">
    </testcase>
    <testcase classname="OpenAI Provider Streaming should support streaming in OpenAI" name="OpenAI Provider Streaming should support streaming in OpenAI" time="7.405">
    </testcase>
    <testcase classname="OpenAI Provider Streaming should support streaming without iterating" name="OpenAI Provider Streaming should support streaming without iterating" time="7.823">
    </testcase>
  </testsuite>
  <testsuite name="Type aliases tests" errors="0" failures="0" skipped="0" timestamp="2025-06-14T18:35:22" time="22.224" tests="12">
    <testcase classname="Type aliases tests primitive union alias" name="Type aliases tests primitive union alias" time="0.585">
    </testcase>
    <testcase classname="Type aliases tests map alias" name="Type aliases tests map alias" time="0.558">
    </testcase>
    <testcase classname="Type aliases tests alias union" name="Type aliases tests alias union" time="0.752">
    </testcase>
    <testcase classname="Type aliases tests alias pointing to recursive class" name="Type aliases tests alias pointing to recursive class" time="0.684">
    </testcase>
    <testcase classname="Type aliases tests class pointing to alias that points to recursive class" name="Type aliases tests class pointing to alias that points to recursive class" time="0.69">
    </testcase>
    <testcase classname="Type aliases tests recursive class with alias indirection" name="Type aliases tests recursive class with alias indirection" time="0.638">
    </testcase>
    <testcase classname="Type aliases tests merge alias attributes" name="Type aliases tests merge alias attributes" time="0.499">
    </testcase>
    <testcase classname="Type aliases tests simple recursive map alias" name="Type aliases tests simple recursive map alias" time="0.524">
    </testcase>
    <testcase classname="Type aliases tests simple recursive list alias" name="Type aliases tests simple recursive list alias" time="0.609">
    </testcase>
    <testcase classname="Type aliases tests recursive alias cycles" name="Type aliases tests recursive alias cycles" time="1.058">
    </testcase>
    <testcase classname="Type aliases tests json type alias cycle" name="Type aliases tests json type alias cycle" time="1.424">
    </testcase>
    <testcase classname="Type aliases tests json type alias as class dependency" name="Type aliases tests json type alias as class dependency" time="1.763">
    </testcase>
  </testsuite>
  <testsuite name="Tracing Tests" errors="0" failures="0" skipped="0" timestamp="2025-06-14T18:35:05" time="40.014" tests="3">
    <testcase classname="Tracing Tests Sync Tracing supports tracing sync" name="Tracing Tests Sync Tracing supports tracing sync" time="0.074">
    </testcase>
    <testcase classname="Tracing Tests Async Tracing supports tracing async" name="Tracing Tests Async Tracing supports tracing async" time="13.688">
    </testcase>
    <testcase classname="Tracing Tests Events should work with &apos;onLogEvent&apos;" name="Tracing Tests Events should work with &apos;onLogEvent&apos;" time="13.099">
    </testcase>
  </testsuite>
  <testsuite name="Env Vars Tests" errors="0" failures="0" skipped="0" timestamp="2025-06-14T18:35:27" time="19.581" tests="2">
    <testcase classname="Env Vars Tests should reset environment variables correctly" name="Env Vars Tests should reset environment variables correctly" time="7.214">
    </testcase>
    <testcase classname="Env Vars Tests should reflect API key changes in headers" name="Env Vars Tests should reflect API key changes in headers" time="0.003">
    </testcase>
  </testsuite>
  <testsuite name="Gemini Provider" errors="0" failures="0" skipped="0" timestamp="2025-06-14T18:35:39" time="8.282" tests="2">
    <testcase classname="Gemini Provider Streaming should support streaming in Gemini" name="Gemini Provider Streaming should support streaming in Gemini" time="1.013">
    </testcase>
    <testcase classname="Gemini Provider system message should support system_instructions in Gemini" name="Gemini Provider system message should support system_instructions in Gemini" time="0.913">
    </testcase>
  </testsuite>
  <testsuite name="Collector Tests" errors="0" failures="0" skipped="0" timestamp="2025-06-14T18:35:30" time="19.377" tests="7">
    <testcase classname="Collector Tests should collect logs for non-streaming calls" name="Collector Tests should collect logs for non-streaming calls" time="0.612">
    </testcase>
    <testcase classname="Collector Tests should handle streaming calls correctly" name="Collector Tests should handle streaming calls correctly" time="0.815">
    </testcase>
    <testcase classname="Collector Tests should track cumulative usage across multiple calls" name="Collector Tests should track cumulative usage across multiple calls" time="1.669">
    </testcase>
    <testcase classname="Collector Tests should support multiple collectors" name="Collector Tests should support multiple collectors" time="1.237">
    </testcase>
    <testcase classname="Collector Tests should handle parallel async calls correctly" name="Collector Tests should handle parallel async calls correctly" time="0.692">
    </testcase>
    <testcase classname="Collector Tests should handle sync calls correctly" name="Collector Tests should handle sync calls correctly" time="0.83">
    </testcase>
    <testcase classname="Collector Tests should handle multiple async calls with nested gathers" name="Collector Tests should handle multiple async calls with nested gathers" time="0.928">
    </testcase>
  </testsuite>
  <testsuite name="Azure Provider" errors="0" failures="0" skipped="0" timestamp="2025-06-14T18:35:33" time="17.615" tests="7">
    <testcase classname="Azure Provider should support azure with default max_tokens" name="Azure Provider should support azure with default max_tokens" time="0.4">
    </testcase>
    <testcase classname="Azure Provider should support o1 model without max_tokens" name="Azure Provider should support o1 model without max_tokens" time="1.71">
    </testcase>
    <testcase classname="Azure Provider should fail when setting max_tokens for o1 model" name="Azure Provider should fail when setting max_tokens for o1 model" time="0.257">
    </testcase>
    <testcase classname="Azure Provider should support non-o1 model with explicit max_tokens" name="Azure Provider should support non-o1 model with explicit max_tokens" time="0.33">
    </testcase>
    <testcase classname="Azure Provider should support o1 model with explicit max_completion_tokens" name="Azure Provider should support o1 model with explicit max_completion_tokens" time="2.096">
    </testcase>
    <testcase classname="Azure Provider should fail if azure is not configured correctly" name="Azure Provider should fail if azure is not configured correctly" time="0.04">
    </testcase>
    <testcase classname="Azure Provider should support azure streaming" name="Azure Provider should support azure streaming" time="0.406">
    </testcase>
  </testsuite>
  <testsuite name="Recursive Type Tests" errors="0" failures="0" skipped="0" timestamp="2025-06-14T18:35:30" time="21.815" tests="2">
    <testcase classname="Recursive Type Tests simple recursive type" name="Recursive Type Tests simple recursive type" time="2.142">
    </testcase>
    <testcase classname="Recursive Type Tests mutually recursive type" name="Recursive Type Tests mutually recursive type" time="7.212">
    </testcase>
  </testsuite>
  <testsuite name="Basic Input/Output Tests" errors="0" failures="0" skipped="0" timestamp="2025-06-14T18:35:05" time="50.05" tests="24">
    <testcase classname="Basic Input/Output Tests Input Types single bool" name="Basic Input/Output Tests Input Types single bool" time="0.501">
    </testcase>
    <testcase classname="Basic Input/Output Tests Input Types single string list" name="Basic Input/Output Tests Input Types single string list" time="0.53">
    </testcase>
    <testcase classname="Basic Input/Output Tests Input Types single class" name="Basic Input/Output Tests Input Types single class" time="1.505">
    </testcase>
    <testcase classname="Basic Input/Output Tests Input Types multiple classes" name="Basic Input/Output Tests Input Types multiple classes" time="0.428">
    </testcase>
    <testcase classname="Basic Input/Output Tests Input Types single enum list" name="Basic Input/Output Tests Input Types single enum list" time="0.423">
    </testcase>
    <testcase classname="Basic Input/Output Tests Input Types single float" name="Basic Input/Output Tests Input Types single float" time="0.482">
    </testcase>
    <testcase classname="Basic Input/Output Tests Input Types single int" name="Basic Input/Output Tests Input Types single int" time="0.436">
    </testcase>
    <testcase classname="Basic Input/Output Tests Output Types single bool" name="Basic Input/Output Tests Output Types single bool" time="0.75">
    </testcase>
    <testcase classname="Basic Input/Output Tests Output Types single int" name="Basic Input/Output Tests Output Types single int" time="0.712">
    </testcase>
    <testcase classname="Basic Input/Output Tests Output Types single class" name="Basic Input/Output Tests Output Types single class" time="4.81">
    </testcase>
    <testcase classname="Basic Input/Output Tests Output Types single class list" name="Basic Input/Output Tests Output Types single class list" time="4.066">
    </testcase>
    <testcase classname="Basic Input/Output Tests Output Types enum list" name="Basic Input/Output Tests Output Types enum list" time="0.928">
    </testcase>
    <testcase classname="Basic Input/Output Tests Output Types single class with enum" name="Basic Input/Output Tests Output Types single class with enum" time="0.69">
    </testcase>
    <testcase classname="Basic Input/Output Tests Output Types optional list and map" name="Basic Input/Output Tests Output Types optional list and map" time="1.425">
    </testcase>
    <testcase classname="Basic Input/Output Tests Output Types single optional string" name="Basic Input/Output Tests Output Types single optional string" time="0.384">
    </testcase>
    <testcase classname="Basic Input/Output Tests Output Types single map string to string" name="Basic Input/Output Tests Output Types single map string to string" time="0.638">
    </testcase>
    <testcase classname="Basic Input/Output Tests Output Types single map string to map" name="Basic Input/Output Tests Output Types single map string to map" time="0.7">
    </testcase>
    <testcase classname="Basic Input/Output Tests Output Types literal int" name="Basic Input/Output Tests Output Types literal int" time="0.384">
    </testcase>
    <testcase classname="Basic Input/Output Tests Output Types literal bool" name="Basic Input/Output Tests Output Types literal bool" time="0.406">
    </testcase>
    <testcase classname="Basic Input/Output Tests Output Types literal string" name="Basic Input/Output Tests Output Types literal string" time="0.549">
    </testcase>
    <testcase classname="Clients Tests should work with a sync client" name="Clients Tests should work with a sync client" time="0.63">
    </testcase>
    <testcase classname="Streaming Tests should support streaming without iterating" name="Streaming Tests should support streaming without iterating" time="8.112">
    </testcase>
    <testcase classname="Streaming Tests should work with nested classes" name="Streaming Tests should work with nested classes" time="1.539">
    </testcase>
    <testcase classname="Semantic Streaming Tests should support semantic streaming" name="Semantic Streaming Tests should support semantic streaming" time="5.701">
    </testcase>
  </testsuite>
  <testsuite name="Anthropic Provider" errors="0" failures="0" skipped="0" timestamp="2025-06-14T18:35:44" time="15.164" tests="3">
    <testcase classname="Anthropic Provider should support anthropic shorthand" name="Anthropic Provider should support anthropic shorthand" time="0.66">
    </testcase>
    <testcase classname="Anthropic Provider Streaming should support anthropic shorthand streaming" name="Anthropic Provider Streaming should support anthropic shorthand streaming" time="0.664">
    </testcase>
    <testcase classname="Anthropic Provider Streaming should support streaming in Claude" name="Anthropic Provider Streaming should support streaming in Claude" time="1.514">
    </testcase>
  </testsuite>
  <testsuite name="Retry Policies" errors="0" failures="0" skipped="0" timestamp="2025-06-14T18:35:42" time="17.614" tests="3">
    <testcase classname="Retry Policies works with retries1" name="Retry Policies works with retries1" time="0.831">
    </testcase>
    <testcase classname="Retry Policies works with retries2" name="Retry Policies works with retries2" time="2.293">
    </testcase>
    <testcase classname="Retry Policies works with fallbacks" name="Retry Policies works with fallbacks" time="2.138">
    </testcase>
  </testsuite>
  <testsuite name="Literal types tests" errors="0" failures="0" skipped="0" timestamp="2025-06-14T18:35:45" time="16.84" tests="8">
    <testcase classname="Literal types tests return literal union" name="Literal types tests return literal union" time="0.639">
    </testcase>
    <testcase classname="Literal types tests single literal int" name="Literal types tests single literal int" time="0.469">
    </testcase>
    <testcase classname="Literal types tests single literal bool" name="Literal types tests single literal bool" time="0.466">
    </testcase>
    <testcase classname="Literal types tests single literal string" name="Literal types tests single literal string" time="0.504">
    </testcase>
    <testcase classname="Literal types tests single class with literal prop" name="Literal types tests single class with literal prop" time="0.656">
    </testcase>
    <testcase classname="Literal types tests single class with literal union prop" name="Literal types tests single class with literal union prop" time="0.629">
    </testcase>
    <testcase classname="Literal types tests literal string union key in map" name="Literal types tests literal string union key in map" time="0.675">
    </testcase>
    <testcase classname="Literal types tests single literal string key in map" name="Literal types tests single literal string key in map" time="0.445">
    </testcase>
  </testsuite>
  <testsuite name="Prompt Renderer Tests" errors="0" failures="0" skipped="0" timestamp="2025-06-14T18:35:47" time="15.454" tests="5">
    <testcase classname="Prompt Renderer Tests should use aliases when serializing input objects - classes" name="Prompt Renderer Tests should use aliases when serializing input objects - classes" time="1.132">
    </testcase>
    <testcase classname="Prompt Renderer Tests should use aliases when serializing, but still have original keys in jinja" name="Prompt Renderer Tests should use aliases when serializing, but still have original keys in jinja" time="1.021">
    </testcase>
    <testcase classname="Prompt Renderer Tests should use aliases when serializing input objects - enums" name="Prompt Renderer Tests should use aliases when serializing input objects - enums" time="0.418">
    </testcase>
    <testcase classname="Prompt Renderer Tests should use aliases when serializing input objects - lists" name="Prompt Renderer Tests should use aliases when serializing input objects - lists" time="0.535">
    </testcase>
    <testcase classname="Prompt Renderer Tests maintain field order" name="Prompt Renderer Tests maintain field order" time="0.002">
    </testcase>
  </testsuite>
  <testsuite name="Constraint Tests" errors="0" failures="0" skipped="0" timestamp="2025-06-14T18:35:47" time="15.603" tests="4">
    <testcase classname="Constraint Tests should handle checks in return types" name="Constraint Tests should handle checks in return types" time="0.884">
    </testcase>
    <testcase classname="Constraint Tests should handle checks in returned unions" name="Constraint Tests should handle checks in returned unions" time="0.895">
    </testcase>
    <testcase classname="Constraint Tests should handle block-level checks" name="Constraint Tests should handle block-level checks" time="0.498">
    </testcase>
    <testcase classname="Constraint Tests should handle nested-block-level checks" name="Constraint Tests should handle nested-block-level checks" time="1.004">
    </testcase>
  </testsuite>
  <testsuite name="Error Handling Tests" errors="0" failures="0" skipped="0" timestamp="2025-06-14T18:35:50" time="13.306" tests="5">
    <testcase classname="Error Handling Tests should raise an error for invalid argument types" name="Error Handling Tests should raise an error for invalid argument types" time="0.001">
    </testcase>
    <testcase classname="Error Handling Tests should raise an error for invalid client configuration" name="Error Handling Tests should raise an error for invalid client configuration" time="0.183">
    </testcase>
    <testcase classname="Error Handling Tests should raise a BAMLValidationError with proper details" name="Error Handling Tests should raise a BAMLValidationError with proper details" time="0.475">
    </testcase>
    <testcase classname="Error Handling Tests should handle client HTTP errors" name="Error Handling Tests should handle client HTTP errors" time="0.111">
    </testcase>
    <testcase classname="Error Handling Tests should raise a BamlClientHttpError with proper details" name="Error Handling Tests should raise a BamlClientHttpError with proper details" time="0.125">
    </testcase>
  </testsuite>
  <testsuite name="With Options Tests" errors="0" failures="0" skipped="0" timestamp="2025-06-14T18:35:49" time="15.307" tests="3">
    <testcase classname="With Options Tests should test with options logger async call" name="With Options Tests should test with options logger async call" time="1.628">
    </testcase>
    <testcase classname="With Options Tests should test with options logger sync" name="With Options Tests should test with options logger sync" time="0.676">
    </testcase>
    <testcase classname="With Options Tests should test with options logger async stream" name="With Options Tests should test with options logger async stream" time="0.663">
    </testcase>
  </testsuite>
  <testsuite name="Dynamic Clients" errors="0" failures="0" skipped="0" timestamp="2025-06-14T18:35:52" time="13.003" tests="1">
    <testcase classname="Dynamic Clients should work with dynamic client" name="Dynamic Clients should work with dynamic client" time="0.703">
    </testcase>
  </testsuite>
  <testsuite name="Map tests" errors="0" failures="0" skipped="0" timestamp="2025-06-14T18:35:55" time="13.103" tests="1">
    <testcase classname="Map tests enum key in map" name="Map tests enum key in map" time="0.744">
    </testcase>
  </testsuite>
  <testsuite name="Expose Parser Tests" errors="0" failures="0" skipped="0" timestamp="2025-06-14T18:36:00" time="12.364" tests="4">
    <testcase classname="Expose Parser Tests should expose parser" name="Expose Parser Tests should expose parser" time="0.002">
    </testcase>
    <testcase classname="Expose Parser Tests should expose parser sync" name="Expose Parser Tests should expose parser sync" time="0.002">
    </testcase>
    <testcase classname="Expose Parser Tests should expose stream parser" name="Expose Parser Tests should expose stream parser" time="0.003">
    </testcase>
    <testcase classname="Expose Parser Tests should expose stream parser sync" name="Expose Parser Tests should expose stream parser sync" time="0.002">
    </testcase>
  </testsuite>
  <testsuite name="Workflow Tests" errors="0" failures="0" skipped="0" timestamp="2025-06-14T18:36:00" time="12.817" tests="1">
    <testcase classname="Workflow Tests should run workflows" name="Workflow Tests should run workflows" time="0.499">
    </testcase>
  </testsuite>
  <testsuite name="Expose Request Tests" errors="0" failures="0" skipped="0" timestamp="2025-06-14T18:36:02" time="12.346" tests="7">
    <testcase classname="Expose Request Tests should expose request gpt4" name="Expose Request Tests should expose request gpt4" time="0.002">
    </testcase>
    <testcase classname="Expose Request Tests should expose request gemini" name="Expose Request Tests should expose request gemini" time="0.002">
    </testcase>
    <testcase classname="Expose Request Tests should expose request fallback" name="Expose Request Tests should expose request fallback" time="0.002">
    </testcase>
    <testcase classname="Expose Request Tests should expose request round robin" name="Expose Request Tests should expose request round robin" time="0.001">
    </testcase>
    <testcase classname="Expose Request Tests should expose request gpt4 sync" name="Expose Request Tests should expose request gpt4 sync" time="0.002">
    </testcase>
    <testcase classname="Expose Request Tests should expose request gpt4 stream" name="Expose Request Tests should expose request gpt4 stream" time="0.001">
    </testcase>
    <testcase classname="Expose Request Tests should expose request gpt4 stream sync" name="Expose Request Tests should expose request gpt4 stream sync" time="0.001">
    </testcase>
  </testsuite>
  <testsuite name="Vertex Provider" errors="0" failures="0" skipped="0" timestamp="2025-06-14T18:36:02" time="14.65" tests="2">
    <testcase classname="Vertex Provider should support vertex" name="Vertex Provider should support vertex" time="1.1">
    </testcase>
    <testcase classname="Vertex Provider should support vertex with system_instructions" name="Vertex Provider should support vertex with system_instructions" time="1.23">
    </testcase>
  </testsuite>
</testsuites>